mode: set
github.com/dujoseaugusto/go-crawler-project/api/router.go:12.72,14.2 1 0
github.com/dujoseaugusto/go-crawler-project/api/router.go:16.129,30.29 5 0
github.com/dujoseaugusto/go-crawler-project/api/router.go:30.29,32.3 1 0
github.com/dujoseaugusto/go-crawler-project/api/router.go:35.2,42.34 4 0
github.com/dujoseaugusto/go-crawler-project/api/router.go:42.34,44.3 1 0
github.com/dujoseaugusto/go-crawler-project/api/router.go:45.2,45.44 1 0
github.com/dujoseaugusto/go-crawler-project/api/router.go:45.44,47.3 1 0
github.com/dujoseaugusto/go-crawler-project/api/router.go:50.2,50.37 1 0
github.com/dujoseaugusto/go-crawler-project/api/router.go:50.37,52.3 1 0
github.com/dujoseaugusto/go-crawler-project/api/router.go:55.2,60.2 4 0
github.com/dujoseaugusto/go-crawler-project/api/router.go:60.2,63.3 2 0
github.com/dujoseaugusto/go-crawler-project/api/router.go:66.2,66.29 1 0
github.com/dujoseaugusto/go-crawler-project/api/router.go:66.29,68.3 2 0
github.com/dujoseaugusto/go-crawler-project/api/router.go:68.3,92.4 14 0
github.com/dujoseaugusto/go-crawler-project/api/router.go:96.2,96.40 1 0
github.com/dujoseaugusto/go-crawler-project/api/router.go:96.40,98.30 2 0
github.com/dujoseaugusto/go-crawler-project/api/router.go:98.30,100.4 1 0
github.com/dujoseaugusto/go-crawler-project/api/router.go:102.3,107.5 1 0
github.com/dujoseaugusto/go-crawler-project/api/router.go:110.2,110.10 1 0
github.com/dujoseaugusto/go-crawler-project/internal/config/config.go:15.27,17.39 2 0
github.com/dujoseaugusto/go-crawler-project/internal/config/config.go:17.39,19.3 1 0
github.com/dujoseaugusto/go-crawler-project/internal/config/config.go:20.2,20.12 1 0
github.com/dujoseaugusto/go-crawler-project/cmd/api/main.go:15.13,18.16 2 0
github.com/dujoseaugusto/go-crawler-project/cmd/api/main.go:18.16,20.3 1 0
github.com/dujoseaugusto/go-crawler-project/cmd/api/main.go:23.2,27.16 3 0
github.com/dujoseaugusto/go-crawler-project/cmd/api/main.go:27.16,29.3 1 0
github.com/dujoseaugusto/go-crawler-project/cmd/api/main.go:30.2,34.16 3 0
github.com/dujoseaugusto/go-crawler-project/cmd/api/main.go:34.16,36.3 1 0
github.com/dujoseaugusto/go-crawler-project/cmd/api/main.go:37.2,41.16 3 0
github.com/dujoseaugusto/go-crawler-project/cmd/api/main.go:41.16,44.3 2 0
github.com/dujoseaugusto/go-crawler-project/cmd/api/main.go:45.2,45.26 1 0
github.com/dujoseaugusto/go-crawler-project/cmd/api/main.go:45.26,47.3 1 0
github.com/dujoseaugusto/go-crawler-project/cmd/api/main.go:50.2,53.26 3 0
github.com/dujoseaugusto/go-crawler-project/cmd/api/main.go:53.26,58.3 3 0
github.com/dujoseaugusto/go-crawler-project/cmd/api/main.go:58.8,62.3 2 0
github.com/dujoseaugusto/go-crawler-project/cmd/api/main.go:65.2,66.29 2 0
github.com/dujoseaugusto/go-crawler-project/cmd/api/main.go:66.29,68.3 1 0
github.com/dujoseaugusto/go-crawler-project/cmd/api/main.go:68.8,70.3 1 0
github.com/dujoseaugusto/go-crawler-project/cmd/api/main.go:73.2,74.66 2 0
github.com/dujoseaugusto/go-crawler-project/cmd/api/main.go:74.66,76.3 1 0
github.com/dujoseaugusto/go-crawler-project/examples/new_crawler_usage.go:15.13,24.16 4 0
github.com/dujoseaugusto/go-crawler-project/examples/new_crawler_usage.go:24.16,26.3 1 0
github.com/dujoseaugusto/go-crawler-project/examples/new_crawler_usage.go:27.2,31.73 3 0
github.com/dujoseaugusto/go-crawler-project/examples/new_crawler_usage.go:31.73,34.3 2 0
github.com/dujoseaugusto/go-crawler-project/examples/new_crawler_usage.go:34.8,36.3 1 0
github.com/dujoseaugusto/go-crawler-project/examples/new_crawler_usage.go:39.2,50.48 4 0
github.com/dujoseaugusto/go-crawler-project/examples/new_crawler_usage.go:50.48,52.3 1 0
github.com/dujoseaugusto/go-crawler-project/examples/new_crawler_usage.go:55.2,57.86 2 0
github.com/dujoseaugusto/go-crawler-project/api/middleware/cors.go:8.39,9.30 1 0
github.com/dujoseaugusto/go-crawler-project/api/middleware/cors.go:9.30,15.36 5 0
github.com/dujoseaugusto/go-crawler-project/api/middleware/cors.go:15.36,18.4 2 0
github.com/dujoseaugusto/go-crawler-project/api/middleware/cors.go:20.3,20.11 1 0
github.com/dujoseaugusto/go-crawler-project/api/middleware/rate_limiter.go:28.69,40.2 3 0
github.com/dujoseaugusto/go-crawler-project/api/middleware/rate_limiter.go:43.53,44.30 1 0
github.com/dujoseaugusto/go-crawler-project/api/middleware/rate_limiter.go:44.30,47.33 2 0
github.com/dujoseaugusto/go-crawler-project/api/middleware/rate_limiter.go:47.33,55.4 3 0
github.com/dujoseaugusto/go-crawler-project/api/middleware/rate_limiter.go:57.3,57.11 1 0
github.com/dujoseaugusto/go-crawler-project/api/middleware/rate_limiter.go:62.59,69.13 5 0
github.com/dujoseaugusto/go-crawler-project/api/middleware/rate_limiter.go:69.13,77.3 2 0
github.com/dujoseaugusto/go-crawler-project/api/middleware/rate_limiter.go:80.2,80.45 1 0
github.com/dujoseaugusto/go-crawler-project/api/middleware/rate_limiter.go:80.45,86.3 4 0
github.com/dujoseaugusto/go-crawler-project/api/middleware/rate_limiter.go:89.2,91.39 2 0
github.com/dujoseaugusto/go-crawler-project/api/middleware/rate_limiter.go:91.39,93.3 1 0
github.com/dujoseaugusto/go-crawler-project/api/middleware/rate_limiter.go:95.2,96.13 2 0
github.com/dujoseaugusto/go-crawler-project/api/middleware/rate_limiter.go:100.34,104.21 3 0
github.com/dujoseaugusto/go-crawler-project/api/middleware/rate_limiter.go:104.21,108.38 3 0
github.com/dujoseaugusto/go-crawler-project/api/middleware/rate_limiter.go:108.38,110.51 1 0
github.com/dujoseaugusto/go-crawler-project/api/middleware/rate_limiter.go:110.51,112.5 1 0
github.com/dujoseaugusto/go-crawler-project/api/middleware/rate_limiter.go:115.3,115.20 1 0
github.com/dujoseaugusto/go-crawler-project/api/middleware/rate_limiter.go:120.58,129.2 3 0
github.com/dujoseaugusto/go-crawler-project/internal/ai/gemini_service.go:41.68,43.18 2 0
github.com/dujoseaugusto/go-crawler-project/internal/ai/gemini_service.go:43.18,45.3 1 0
github.com/dujoseaugusto/go-crawler-project/internal/ai/gemini_service.go:47.2,48.16 2 0
github.com/dujoseaugusto/go-crawler-project/internal/ai/gemini_service.go:48.16,50.3 1 0
github.com/dujoseaugusto/go-crawler-project/internal/ai/gemini_service.go:53.2,72.8 7 0
github.com/dujoseaugusto/go-crawler-project/internal/ai/gemini_service.go:76.79,82.2 3 0
github.com/dujoseaugusto/go-crawler-project/internal/ai/gemini_service.go:85.78,90.13 4 0
github.com/dujoseaugusto/go-crawler-project/internal/ai/gemini_service.go:90.13,92.3 1 0
github.com/dujoseaugusto/go-crawler-project/internal/ai/gemini_service.go:95.2,95.47 1 0
github.com/dujoseaugusto/go-crawler-project/internal/ai/gemini_service.go:95.47,97.3 1 0
github.com/dujoseaugusto/go-crawler-project/internal/ai/gemini_service.go:99.2,99.29 1 0
github.com/dujoseaugusto/go-crawler-project/internal/ai/gemini_service.go:103.76,111.2 3 0
github.com/dujoseaugusto/go-crawler-project/internal/ai/gemini_service.go:114.78,124.2 3 0
github.com/dujoseaugusto/go-crawler-project/internal/ai/gemini_service.go:127.124,129.35 1 0
github.com/dujoseaugusto/go-crawler-project/internal/ai/gemini_service.go:129.35,131.3 1 0
github.com/dujoseaugusto/go-crawler-project/internal/ai/gemini_service.go:134.2,137.54 2 0
github.com/dujoseaugusto/go-crawler-project/internal/ai/gemini_service.go:137.54,139.3 1 0
github.com/dujoseaugusto/go-crawler-project/internal/ai/gemini_service.go:142.2,142.45 1 0
github.com/dujoseaugusto/go-crawler-project/internal/ai/gemini_service.go:146.133,154.39 4 0
github.com/dujoseaugusto/go-crawler-project/internal/ai/gemini_service.go:154.39,156.3 1 0
github.com/dujoseaugusto/go-crawler-project/internal/ai/gemini_service.go:159.2,159.49 1 0
github.com/dujoseaugusto/go-crawler-project/internal/ai/gemini_service.go:163.111,164.29 1 0
github.com/dujoseaugusto/go-crawler-project/internal/ai/gemini_service.go:164.29,166.3 1 0
github.com/dujoseaugusto/go-crawler-project/internal/ai/gemini_service.go:169.2,173.16 3 0
github.com/dujoseaugusto/go-crawler-project/internal/ai/gemini_service.go:173.16,176.3 1 0
github.com/dujoseaugusto/go-crawler-project/internal/ai/gemini_service.go:179.2,179.77 1 0
github.com/dujoseaugusto/go-crawler-project/internal/ai/gemini_service.go:179.77,181.3 1 0
github.com/dujoseaugusto/go-crawler-project/internal/ai/gemini_service.go:183.2,185.16 3 0
github.com/dujoseaugusto/go-crawler-project/internal/ai/gemini_service.go:185.16,187.3 1 0
github.com/dujoseaugusto/go-crawler-project/internal/ai/gemini_service.go:190.2,191.48 2 0
github.com/dujoseaugusto/go-crawler-project/internal/ai/gemini_service.go:191.48,192.29 1 0
github.com/dujoseaugusto/go-crawler-project/internal/ai/gemini_service.go:192.29,196.29 3 0
github.com/dujoseaugusto/go-crawler-project/internal/ai/gemini_service.go:196.29,198.5 1 0
github.com/dujoseaugusto/go-crawler-project/internal/ai/gemini_service.go:203.2,205.28 2 0
github.com/dujoseaugusto/go-crawler-project/internal/ai/gemini_service.go:209.136,213.16 3 0
github.com/dujoseaugusto/go-crawler-project/internal/ai/gemini_service.go:213.16,215.3 1 0
github.com/dujoseaugusto/go-crawler-project/internal/ai/gemini_service.go:217.2,217.77 1 0
github.com/dujoseaugusto/go-crawler-project/internal/ai/gemini_service.go:217.77,219.3 1 0
github.com/dujoseaugusto/go-crawler-project/internal/ai/gemini_service.go:221.2,223.16 3 0
github.com/dujoseaugusto/go-crawler-project/internal/ai/gemini_service.go:223.16,225.3 1 0
github.com/dujoseaugusto/go-crawler-project/internal/ai/gemini_service.go:228.2,230.23 2 0
github.com/dujoseaugusto/go-crawler-project/internal/ai/gemini_service.go:234.65,242.2 1 0
github.com/dujoseaugusto/go-crawler-project/internal/ai/gemini_service.go:245.65,248.34 2 0
github.com/dujoseaugusto/go-crawler-project/internal/ai/gemini_service.go:248.34,249.13 1 0
github.com/dujoseaugusto/go-crawler-project/internal/ai/gemini_service.go:249.13,250.9 1 0
github.com/dujoseaugusto/go-crawler-project/internal/ai/gemini_service.go:252.3,256.40 1 0
github.com/dujoseaugusto/go-crawler-project/internal/ai/gemini_service.go:259.2,260.15 2 0
github.com/dujoseaugusto/go-crawler-project/internal/ai/gemini_service.go:264.50,265.22 1 0
github.com/dujoseaugusto/go-crawler-project/internal/ai/gemini_service.go:265.22,267.3 1 0
github.com/dujoseaugusto/go-crawler-project/internal/ai/gemini_service.go:268.2,268.27 1 0
github.com/dujoseaugusto/go-crawler-project/internal/ai/gemini_service.go:272.115,275.19 2 0
github.com/dujoseaugusto/go-crawler-project/internal/ai/gemini_service.go:275.19,277.3 1 0
github.com/dujoseaugusto/go-crawler-project/internal/ai/gemini_service.go:280.2,282.16 3 0
github.com/dujoseaugusto/go-crawler-project/internal/ai/gemini_service.go:282.16,284.3 1 0
github.com/dujoseaugusto/go-crawler-project/internal/ai/gemini_service.go:286.2,287.37 2 0
github.com/dujoseaugusto/go-crawler-project/internal/ai/gemini_service.go:287.37,288.35 1 0
github.com/dujoseaugusto/go-crawler-project/internal/ai/gemini_service.go:288.35,289.9 1 0
github.com/dujoseaugusto/go-crawler-project/internal/ai/gemini_service.go:292.3,294.39 3 0
github.com/dujoseaugusto/go-crawler-project/internal/ai/gemini_service.go:297.2,297.21 1 0
github.com/dujoseaugusto/go-crawler-project/internal/ai/gemini_service.go:301.107,304.69 2 0
github.com/dujoseaugusto/go-crawler-project/internal/ai/gemini_service.go:304.69,306.3 1 0
github.com/dujoseaugusto/go-crawler-project/internal/ai/gemini_service.go:307.2,307.63 1 0
github.com/dujoseaugusto/go-crawler-project/internal/ai/gemini_service.go:307.63,309.3 1 0
github.com/dujoseaugusto/go-crawler-project/internal/ai/gemini_service.go:310.2,310.63 1 0
github.com/dujoseaugusto/go-crawler-project/internal/ai/gemini_service.go:310.63,312.3 1 0
github.com/dujoseaugusto/go-crawler-project/internal/ai/gemini_service.go:313.2,313.59 1 0
github.com/dujoseaugusto/go-crawler-project/internal/ai/gemini_service.go:313.59,315.3 1 0
github.com/dujoseaugusto/go-crawler-project/internal/ai/gemini_service.go:316.2,316.65 1 0
github.com/dujoseaugusto/go-crawler-project/internal/ai/gemini_service.go:316.65,318.3 1 0
github.com/dujoseaugusto/go-crawler-project/internal/ai/gemini_service.go:319.2,319.71 1 0
github.com/dujoseaugusto/go-crawler-project/internal/ai/gemini_service.go:319.71,321.3 1 0
github.com/dujoseaugusto/go-crawler-project/internal/ai/gemini_service.go:322.2,322.62 1 0
github.com/dujoseaugusto/go-crawler-project/internal/ai/gemini_service.go:322.62,324.3 1 0
github.com/dujoseaugusto/go-crawler-project/internal/ai/gemini_service.go:325.2,325.64 1 0
github.com/dujoseaugusto/go-crawler-project/internal/ai/gemini_service.go:325.64,327.3 1 0
github.com/dujoseaugusto/go-crawler-project/internal/ai/gemini_service.go:329.2,329.15 1 0
github.com/dujoseaugusto/go-crawler-project/internal/ai/gemini_service.go:333.63,337.29 3 0
github.com/dujoseaugusto/go-crawler-project/internal/ai/gemini_service.go:337.29,339.3 1 0
github.com/dujoseaugusto/go-crawler-project/internal/ai/gemini_service.go:342.2,344.16 3 0
github.com/dujoseaugusto/go-crawler-project/internal/ai/gemini_service.go:344.16,346.42 1 0
github.com/dujoseaugusto/go-crawler-project/internal/ai/gemini_service.go:346.42,349.4 2 0
github.com/dujoseaugusto/go-crawler-project/internal/ai/gemini_service.go:350.3,351.13 2 0
github.com/dujoseaugusto/go-crawler-project/internal/ai/gemini_service.go:354.2,354.75 1 0
github.com/dujoseaugusto/go-crawler-project/internal/ai/gemini_service.go:354.75,357.17 3 0
github.com/dujoseaugusto/go-crawler-project/internal/ai/gemini_service.go:357.17,359.50 1 0
github.com/dujoseaugusto/go-crawler-project/internal/ai/gemini_service.go:359.50,360.31 1 0
github.com/dujoseaugusto/go-crawler-project/internal/ai/gemini_service.go:360.31,363.6 2 0
github.com/dujoseaugusto/go-crawler-project/internal/ai/gemini_service.go:369.2,370.12 2 0
github.com/dujoseaugusto/go-crawler-project/internal/ai/gemini_service.go:374.52,382.38 6 0
github.com/dujoseaugusto/go-crawler-project/internal/ai/gemini_service.go:382.38,383.45 1 0
github.com/dujoseaugusto/go-crawler-project/internal/ai/gemini_service.go:383.45,385.4 1 0
github.com/dujoseaugusto/go-crawler-project/internal/ai/gemini_service.go:388.2,388.23 1 0
github.com/dujoseaugusto/go-crawler-project/internal/ai/gemini_service.go:392.110,395.19 2 0
github.com/dujoseaugusto/go-crawler-project/internal/ai/gemini_service.go:395.19,397.3 1 0
github.com/dujoseaugusto/go-crawler-project/internal/ai/gemini_service.go:400.2,417.16 4 0
github.com/dujoseaugusto/go-crawler-project/internal/ai/gemini_service.go:417.16,419.3 1 0
github.com/dujoseaugusto/go-crawler-project/internal/ai/gemini_service.go:422.2,425.35 2 0
github.com/dujoseaugusto/go-crawler-project/internal/ai/gemini_service.go:425.35,427.3 1 0
github.com/dujoseaugusto/go-crawler-project/internal/ai/gemini_service.go:428.2,428.33 1 0
github.com/dujoseaugusto/go-crawler-project/internal/ai/gemini_service.go:428.33,430.3 1 0
github.com/dujoseaugusto/go-crawler-project/internal/ai/gemini_service.go:431.2,431.33 1 0
github.com/dujoseaugusto/go-crawler-project/internal/ai/gemini_service.go:431.33,433.3 1 0
github.com/dujoseaugusto/go-crawler-project/internal/ai/gemini_service.go:434.2,434.30 1 0
github.com/dujoseaugusto/go-crawler-project/internal/ai/gemini_service.go:434.30,436.3 1 0
github.com/dujoseaugusto/go-crawler-project/internal/ai/gemini_service.go:437.2,437.36 1 0
github.com/dujoseaugusto/go-crawler-project/internal/ai/gemini_service.go:437.36,439.3 1 0
github.com/dujoseaugusto/go-crawler-project/internal/ai/gemini_service.go:440.2,440.30 1 0
github.com/dujoseaugusto/go-crawler-project/internal/ai/gemini_service.go:440.30,442.3 1 0
github.com/dujoseaugusto/go-crawler-project/internal/ai/gemini_service.go:443.2,443.32 1 0
github.com/dujoseaugusto/go-crawler-project/internal/ai/gemini_service.go:443.32,445.3 1 0
github.com/dujoseaugusto/go-crawler-project/internal/ai/gemini_service.go:446.2,446.34 1 0
github.com/dujoseaugusto/go-crawler-project/internal/ai/gemini_service.go:446.34,448.3 1 0
github.com/dujoseaugusto/go-crawler-project/internal/ai/gemini_service.go:449.2,449.34 1 0
github.com/dujoseaugusto/go-crawler-project/internal/ai/gemini_service.go:449.34,451.3 1 0
github.com/dujoseaugusto/go-crawler-project/internal/ai/gemini_service.go:452.2,452.33 1 0
github.com/dujoseaugusto/go-crawler-project/internal/ai/gemini_service.go:452.33,454.3 1 0
github.com/dujoseaugusto/go-crawler-project/internal/ai/gemini_service.go:455.2,455.37 1 0
github.com/dujoseaugusto/go-crawler-project/internal/ai/gemini_service.go:455.37,457.3 1 0
github.com/dujoseaugusto/go-crawler-project/internal/ai/gemini_service.go:458.2,458.45 1 0
github.com/dujoseaugusto/go-crawler-project/internal/ai/gemini_service.go:458.45,460.3 1 0
github.com/dujoseaugusto/go-crawler-project/internal/ai/gemini_service.go:462.2,462.20 1 0
github.com/dujoseaugusto/go-crawler-project/internal/ai/gemini_service.go:466.38,471.31 3 0
github.com/dujoseaugusto/go-crawler-project/internal/ai/gemini_service.go:471.31,473.3 1 0
github.com/dujoseaugusto/go-crawler-project/internal/ai/gemini_service.go:475.2,475.11 1 0
github.com/dujoseaugusto/go-crawler-project/internal/ai/gemini_service.go:479.43,486.29 4 0
github.com/dujoseaugusto/go-crawler-project/internal/ai/gemini_service.go:486.29,487.36 1 0
github.com/dujoseaugusto/go-crawler-project/internal/ai/gemini_service.go:487.36,489.4 1 0
github.com/dujoseaugusto/go-crawler-project/internal/ai/gemini_service.go:492.2,492.42 1 0
github.com/dujoseaugusto/go-crawler-project/backups/crawler_old_backup.go:27.67,29.16 2 0
github.com/dujoseaugusto/go-crawler-project/backups/crawler_old_backup.go:29.16,31.3 1 0
github.com/dujoseaugusto/go-crawler-project/backups/crawler_old_backup.go:34.2,35.16 2 0
github.com/dujoseaugusto/go-crawler-project/backups/crawler_old_backup.go:35.16,42.3 2 0
github.com/dujoseaugusto/go-crawler-project/backups/crawler_old_backup.go:44.2,48.3 1 0
github.com/dujoseaugusto/go-crawler-project/backups/crawler_old_backup.go:51.60,53.16 2 0
github.com/dujoseaugusto/go-crawler-project/backups/crawler_old_backup.go:53.16,55.3 1 0
github.com/dujoseaugusto/go-crawler-project/backups/crawler_old_backup.go:57.2,58.12 2 0
github.com/dujoseaugusto/go-crawler-project/backups/crawler_old_backup.go:62.44,71.19 5 0
github.com/dujoseaugusto/go-crawler-project/backups/crawler_old_backup.go:71.19,73.3 1 0
github.com/dujoseaugusto/go-crawler-project/backups/crawler_old_backup.go:76.2,80.16 4 0
github.com/dujoseaugusto/go-crawler-project/backups/crawler_old_backup.go:80.16,82.3 1 0
github.com/dujoseaugusto/go-crawler-project/backups/crawler_old_backup.go:84.2,84.14 1 0
github.com/dujoseaugusto/go-crawler-project/backups/crawler_old_backup.go:88.36,92.2 3 0
github.com/dujoseaugusto/go-crawler-project/backups/crawler_old_backup.go:95.35,98.20 3 0
github.com/dujoseaugusto/go-crawler-project/backups/crawler_old_backup.go:98.20,100.17 2 0
github.com/dujoseaugusto/go-crawler-project/backups/crawler_old_backup.go:100.17,102.4 1 0
github.com/dujoseaugusto/go-crawler-project/backups/crawler_old_backup.go:104.2,104.10 1 0
github.com/dujoseaugusto/go-crawler-project/backups/crawler_old_backup.go:108.39,111.20 3 0
github.com/dujoseaugusto/go-crawler-project/backups/crawler_old_backup.go:111.20,113.17 2 0
github.com/dujoseaugusto/go-crawler-project/backups/crawler_old_backup.go:113.17,115.4 1 0
github.com/dujoseaugusto/go-crawler-project/backups/crawler_old_backup.go:117.2,117.10 1 0
github.com/dujoseaugusto/go-crawler-project/backups/crawler_old_backup.go:121.38,124.20 3 0
github.com/dujoseaugusto/go-crawler-project/backups/crawler_old_backup.go:124.20,128.17 3 0
github.com/dujoseaugusto/go-crawler-project/backups/crawler_old_backup.go:128.17,130.4 1 0
github.com/dujoseaugusto/go-crawler-project/backups/crawler_old_backup.go:132.2,132.10 1 0
github.com/dujoseaugusto/go-crawler-project/backups/crawler_old_backup.go:136.45,139.35 2 0
github.com/dujoseaugusto/go-crawler-project/backups/crawler_old_backup.go:139.35,141.3 1 0
github.com/dujoseaugusto/go-crawler-project/backups/crawler_old_backup.go:141.8,141.82 1 0
github.com/dujoseaugusto/go-crawler-project/backups/crawler_old_backup.go:141.82,143.3 1 0
github.com/dujoseaugusto/go-crawler-project/backups/crawler_old_backup.go:143.8,143.78 1 0
github.com/dujoseaugusto/go-crawler-project/backups/crawler_old_backup.go:143.78,145.3 1 0
github.com/dujoseaugusto/go-crawler-project/backups/crawler_old_backup.go:145.8,145.120 1 0
github.com/dujoseaugusto/go-crawler-project/backups/crawler_old_backup.go:145.120,147.3 1 0
github.com/dujoseaugusto/go-crawler-project/backups/crawler_old_backup.go:147.8,147.151 1 0
github.com/dujoseaugusto/go-crawler-project/backups/crawler_old_backup.go:147.151,149.3 1 0
github.com/dujoseaugusto/go-crawler-project/backups/crawler_old_backup.go:151.2,151.16 1 0
github.com/dujoseaugusto/go-crawler-project/backups/crawler_old_backup.go:155.35,164.2 4 0
github.com/dujoseaugusto/go-crawler-project/backups/crawler_old_backup.go:167.67,172.23 3 0
github.com/dujoseaugusto/go-crawler-project/backups/crawler_old_backup.go:172.23,175.3 2 0
github.com/dujoseaugusto/go-crawler-project/backups/crawler_old_backup.go:175.8,177.149 1 0
github.com/dujoseaugusto/go-crawler-project/backups/crawler_old_backup.go:177.149,178.44 1 0
github.com/dujoseaugusto/go-crawler-project/backups/crawler_old_backup.go:178.44,180.10 2 0
github.com/dujoseaugusto/go-crawler-project/backups/crawler_old_backup.go:185.2,185.8 1 0
github.com/dujoseaugusto/go-crawler-project/backups/crawler_old_backup.go:188.91,205.18 12 0
github.com/dujoseaugusto/go-crawler-project/backups/crawler_old_backup.go:205.18,207.3 1 0
github.com/dujoseaugusto/go-crawler-project/backups/crawler_old_backup.go:210.2,211.105 2 0
github.com/dujoseaugusto/go-crawler-project/backups/crawler_old_backup.go:211.105,212.60 1 0
github.com/dujoseaugusto/go-crawler-project/backups/crawler_old_backup.go:212.60,214.4 1 0
github.com/dujoseaugusto/go-crawler-project/backups/crawler_old_backup.go:217.2,231.3 1 0
github.com/dujoseaugusto/go-crawler-project/backups/crawler_old_backup.go:235.153,242.188 3 0
github.com/dujoseaugusto/go-crawler-project/backups/crawler_old_backup.go:242.188,245.21 2 0
github.com/dujoseaugusto/go-crawler-project/backups/crawler_old_backup.go:245.21,249.59 3 0
github.com/dujoseaugusto/go-crawler-project/backups/crawler_old_backup.go:249.59,251.5 1 0
github.com/dujoseaugusto/go-crawler-project/backups/crawler_old_backup.go:255.3,256.18 2 0
github.com/dujoseaugusto/go-crawler-project/backups/crawler_old_backup.go:256.18,258.60 2 0
github.com/dujoseaugusto/go-crawler-project/backups/crawler_old_backup.go:258.60,260.5 1 0
github.com/dujoseaugusto/go-crawler-project/backups/crawler_old_backup.go:264.3,265.22 2 0
github.com/dujoseaugusto/go-crawler-project/backups/crawler_old_backup.go:265.22,268.41 2 0
github.com/dujoseaugusto/go-crawler-project/backups/crawler_old_backup.go:268.41,270.5 1 0
github.com/dujoseaugusto/go-crawler-project/backups/crawler_old_backup.go:274.3,275.90 2 0
github.com/dujoseaugusto/go-crawler-project/backups/crawler_old_backup.go:275.90,276.62 1 0
github.com/dujoseaugusto/go-crawler-project/backups/crawler_old_backup.go:276.62,278.5 1 0
github.com/dujoseaugusto/go-crawler-project/backups/crawler_old_backup.go:281.3,281.36 1 0
github.com/dujoseaugusto/go-crawler-project/backups/crawler_old_backup.go:281.36,297.24 2 0
github.com/dujoseaugusto/go-crawler-project/backups/crawler_old_backup.go:297.24,299.19 2 0
github.com/dujoseaugusto/go-crawler-project/backups/crawler_old_backup.go:299.19,301.6 1 0
github.com/dujoseaugusto/go-crawler-project/backups/crawler_old_backup.go:304.4,304.45 1 0
github.com/dujoseaugusto/go-crawler-project/backups/crawler_old_backup.go:309.2,309.26 1 0
github.com/dujoseaugusto/go-crawler-project/backups/crawler_old_backup.go:309.26,318.32 4 0
github.com/dujoseaugusto/go-crawler-project/backups/crawler_old_backup.go:318.32,319.15 1 0
github.com/dujoseaugusto/go-crawler-project/backups/crawler_old_backup.go:319.15,320.10 1 0
github.com/dujoseaugusto/go-crawler-project/backups/crawler_old_backup.go:323.4,324.23 2 0
github.com/dujoseaugusto/go-crawler-project/backups/crawler_old_backup.go:324.23,325.13 1 0
github.com/dujoseaugusto/go-crawler-project/backups/crawler_old_backup.go:329.4,331.93 3 0
github.com/dujoseaugusto/go-crawler-project/backups/crawler_old_backup.go:331.93,333.5 1 0
github.com/dujoseaugusto/go-crawler-project/backups/crawler_old_backup.go:335.4,349.24 2 0
github.com/dujoseaugusto/go-crawler-project/backups/crawler_old_backup.go:349.24,351.19 2 0
github.com/dujoseaugusto/go-crawler-project/backups/crawler_old_backup.go:351.19,353.6 1 0
github.com/dujoseaugusto/go-crawler-project/backups/crawler_old_backup.go:356.4,356.45 1 0
github.com/dujoseaugusto/go-crawler-project/backups/crawler_old_backup.go:361.2,361.38 1 0
github.com/dujoseaugusto/go-crawler-project/backups/crawler_old_backup.go:361.38,362.52 1 0
github.com/dujoseaugusto/go-crawler-project/backups/crawler_old_backup.go:362.52,364.51 2 0
github.com/dujoseaugusto/go-crawler-project/backups/crawler_old_backup.go:364.51,366.5 1 0
github.com/dujoseaugusto/go-crawler-project/backups/crawler_old_backup.go:370.2,370.89 1 0
github.com/dujoseaugusto/go-crawler-project/backups/crawler_old_backup.go:374.49,380.57 3 0
github.com/dujoseaugusto/go-crawler-project/backups/crawler_old_backup.go:380.57,382.3 1 0
github.com/dujoseaugusto/go-crawler-project/backups/crawler_old_backup.go:385.2,386.39 2 0
github.com/dujoseaugusto/go-crawler-project/backups/crawler_old_backup.go:386.39,388.3 1 0
github.com/dujoseaugusto/go-crawler-project/backups/crawler_old_backup.go:390.2,390.11 1 0
github.com/dujoseaugusto/go-crawler-project/backups/crawler_old_backup.go:394.46,417.45 4 0
github.com/dujoseaugusto/go-crawler-project/backups/crawler_old_backup.go:417.45,418.48 1 0
github.com/dujoseaugusto/go-crawler-project/backups/crawler_old_backup.go:418.48,420.4 1 0
github.com/dujoseaugusto/go-crawler-project/backups/crawler_old_backup.go:424.2,424.30 1 0
github.com/dujoseaugusto/go-crawler-project/backups/crawler_old_backup.go:424.30,425.40 1 0
github.com/dujoseaugusto/go-crawler-project/backups/crawler_old_backup.go:425.40,427.4 1 0
github.com/dujoseaugusto/go-crawler-project/backups/crawler_old_backup.go:431.2,436.39 2 0
github.com/dujoseaugusto/go-crawler-project/backups/crawler_old_backup.go:436.39,437.43 1 0
github.com/dujoseaugusto/go-crawler-project/backups/crawler_old_backup.go:437.43,440.4 2 0
github.com/dujoseaugusto/go-crawler-project/backups/crawler_old_backup.go:443.2,443.11 1 0
github.com/dujoseaugusto/go-crawler-project/backups/crawler_old_backup.go:447.54,458.45 3 0
github.com/dujoseaugusto/go-crawler-project/backups/crawler_old_backup.go:458.45,459.48 1 0
github.com/dujoseaugusto/go-crawler-project/backups/crawler_old_backup.go:459.48,461.4 1 0
github.com/dujoseaugusto/go-crawler-project/backups/crawler_old_backup.go:464.2,464.11 1 0
github.com/dujoseaugusto/go-crawler-project/backups/crawler_old_backup.go:467.121,493.37 8 0
github.com/dujoseaugusto/go-crawler-project/backups/crawler_old_backup.go:493.37,497.3 3 0
github.com/dujoseaugusto/go-crawler-project/backups/crawler_old_backup.go:500.2,500.34 1 0
github.com/dujoseaugusto/go-crawler-project/backups/crawler_old_backup.go:500.34,504.3 3 0
github.com/dujoseaugusto/go-crawler-project/backups/crawler_old_backup.go:507.2,507.49 1 0
github.com/dujoseaugusto/go-crawler-project/backups/crawler_old_backup.go:507.49,512.80 3 0
github.com/dujoseaugusto/go-crawler-project/backups/crawler_old_backup.go:512.80,514.4 1 0
github.com/dujoseaugusto/go-crawler-project/backups/crawler_old_backup.go:517.3,524.101 1 0
github.com/dujoseaugusto/go-crawler-project/backups/crawler_old_backup.go:524.101,526.32 1 0
github.com/dujoseaugusto/go-crawler-project/backups/crawler_old_backup.go:526.32,530.5 3 0
github.com/dujoseaugusto/go-crawler-project/backups/crawler_old_backup.go:535.2,535.51 1 0
github.com/dujoseaugusto/go-crawler-project/backups/crawler_old_backup.go:535.51,546.47 5 0
github.com/dujoseaugusto/go-crawler-project/backups/crawler_old_backup.go:546.47,547.40 1 0
github.com/dujoseaugusto/go-crawler-project/backups/crawler_old_backup.go:547.40,549.5 1 0
github.com/dujoseaugusto/go-crawler-project/backups/crawler_old_backup.go:553.3,553.96 1 0
github.com/dujoseaugusto/go-crawler-project/backups/crawler_old_backup.go:553.96,555.4 1 0
github.com/dujoseaugusto/go-crawler-project/backups/crawler_old_backup.go:558.3,558.50 1 0
github.com/dujoseaugusto/go-crawler-project/backups/crawler_old_backup.go:558.50,560.4 1 0
github.com/dujoseaugusto/go-crawler-project/backups/crawler_old_backup.go:562.3,562.15 1 0
github.com/dujoseaugusto/go-crawler-project/backups/crawler_old_backup.go:566.2,566.62 1 0
github.com/dujoseaugusto/go-crawler-project/backups/crawler_old_backup.go:566.62,570.59 2 0
github.com/dujoseaugusto/go-crawler-project/backups/crawler_old_backup.go:570.59,579.57 3 0
github.com/dujoseaugusto/go-crawler-project/backups/crawler_old_backup.go:579.57,581.5 1 0
github.com/dujoseaugusto/go-crawler-project/backups/crawler_old_backup.go:584.4,590.61 1 0
github.com/dujoseaugusto/go-crawler-project/backups/crawler_old_backup.go:590.61,592.33 1 0
github.com/dujoseaugusto/go-crawler-project/backups/crawler_old_backup.go:592.33,594.6 1 0
github.com/dujoseaugusto/go-crawler-project/backups/crawler_old_backup.go:598.3,598.15 1 0
github.com/dujoseaugusto/go-crawler-project/backups/crawler_old_backup.go:602.2,602.60 1 0
github.com/dujoseaugusto/go-crawler-project/backups/crawler_old_backup.go:602.60,607.23 2 0
github.com/dujoseaugusto/go-crawler-project/backups/crawler_old_backup.go:607.23,615.30 4 0
github.com/dujoseaugusto/go-crawler-project/backups/crawler_old_backup.go:615.30,616.40 1 0
github.com/dujoseaugusto/go-crawler-project/backups/crawler_old_backup.go:616.40,617.34 1 0
github.com/dujoseaugusto/go-crawler-project/backups/crawler_old_backup.go:617.34,621.7 3 0
github.com/dujoseaugusto/go-crawler-project/backups/crawler_old_backup.go:624.5,624.11 1 0
github.com/dujoseaugusto/go-crawler-project/backups/crawler_old_backup.go:625.10,630.5 3 0
github.com/dujoseaugusto/go-crawler-project/backups/crawler_old_backup.go:634.3,643.21 2 0
github.com/dujoseaugusto/go-crawler-project/backups/crawler_old_backup.go:643.21,647.60 3 0
github.com/dujoseaugusto/go-crawler-project/backups/crawler_old_backup.go:647.60,649.5 1 0
github.com/dujoseaugusto/go-crawler-project/backups/crawler_old_backup.go:653.3,657.19 3 0
github.com/dujoseaugusto/go-crawler-project/backups/crawler_old_backup.go:657.19,665.27 2 0
github.com/dujoseaugusto/go-crawler-project/backups/crawler_old_backup.go:665.27,667.30 2 0
github.com/dujoseaugusto/go-crawler-project/backups/crawler_old_backup.go:667.30,669.6 1 0
github.com/dujoseaugusto/go-crawler-project/backups/crawler_old_backup.go:674.3,679.26 3 0
github.com/dujoseaugusto/go-crawler-project/backups/crawler_old_backup.go:679.26,681.4 1 0
github.com/dujoseaugusto/go-crawler-project/backups/crawler_old_backup.go:681.9,685.4 2 0
github.com/dujoseaugusto/go-crawler-project/backups/crawler_old_backup.go:687.3,696.22 2 0
github.com/dujoseaugusto/go-crawler-project/backups/crawler_old_backup.go:696.22,699.54 2 0
github.com/dujoseaugusto/go-crawler-project/backups/crawler_old_backup.go:699.54,701.23 2 0
github.com/dujoseaugusto/go-crawler-project/backups/crawler_old_backup.go:701.23,703.6 1 0
github.com/dujoseaugusto/go-crawler-project/backups/crawler_old_backup.go:706.4,706.27 1 0
github.com/dujoseaugusto/go-crawler-project/backups/crawler_old_backup.go:706.27,708.5 1 0
github.com/dujoseaugusto/go-crawler-project/backups/crawler_old_backup.go:711.3,720.18 2 0
github.com/dujoseaugusto/go-crawler-project/backups/crawler_old_backup.go:720.18,723.58 3 0
github.com/dujoseaugusto/go-crawler-project/backups/crawler_old_backup.go:723.58,725.5 1 0
github.com/dujoseaugusto/go-crawler-project/backups/crawler_old_backup.go:730.3,745.227 4 0
github.com/dujoseaugusto/go-crawler-project/backups/crawler_old_backup.go:745.227,747.18 2 0
github.com/dujoseaugusto/go-crawler-project/backups/crawler_old_backup.go:747.18,751.32 3 0
github.com/dujoseaugusto/go-crawler-project/backups/crawler_old_backup.go:751.32,762.44 3 0
github.com/dujoseaugusto/go-crawler-project/backups/crawler_old_backup.go:762.44,764.7 1 0
github.com/dujoseaugusto/go-crawler-project/backups/crawler_old_backup.go:770.3,770.117 1 0
github.com/dujoseaugusto/go-crawler-project/backups/crawler_old_backup.go:770.117,776.43 3 0
github.com/dujoseaugusto/go-crawler-project/backups/crawler_old_backup.go:776.43,778.5 1 0
github.com/dujoseaugusto/go-crawler-project/backups/crawler_old_backup.go:782.3,782.22 1 0
github.com/dujoseaugusto/go-crawler-project/backups/crawler_old_backup.go:782.22,784.4 1 0
github.com/dujoseaugusto/go-crawler-project/backups/crawler_old_backup.go:787.3,787.34 1 0
github.com/dujoseaugusto/go-crawler-project/backups/crawler_old_backup.go:787.34,789.40 1 0
github.com/dujoseaugusto/go-crawler-project/backups/crawler_old_backup.go:789.40,792.5 2 0
github.com/dujoseaugusto/go-crawler-project/backups/crawler_old_backup.go:795.4,795.38 1 0
github.com/dujoseaugusto/go-crawler-project/backups/crawler_old_backup.go:795.38,798.5 2 0
github.com/dujoseaugusto/go-crawler-project/backups/crawler_old_backup.go:801.4,806.42 3 0
github.com/dujoseaugusto/go-crawler-project/backups/crawler_old_backup.go:806.42,807.44 1 0
github.com/dujoseaugusto/go-crawler-project/backups/crawler_old_backup.go:807.44,810.6 2 0
github.com/dujoseaugusto/go-crawler-project/backups/crawler_old_backup.go:813.4,813.15 1 0
github.com/dujoseaugusto/go-crawler-project/backups/crawler_old_backup.go:817.3,817.59 1 0
github.com/dujoseaugusto/go-crawler-project/backups/crawler_old_backup.go:817.59,827.20 2 0
github.com/dujoseaugusto/go-crawler-project/backups/crawler_old_backup.go:827.20,829.5 1 0
github.com/dujoseaugusto/go-crawler-project/backups/crawler_old_backup.go:832.4,832.32 1 0
github.com/dujoseaugusto/go-crawler-project/backups/crawler_old_backup.go:832.32,834.5 1 0
github.com/dujoseaugusto/go-crawler-project/backups/crawler_old_backup.go:837.4,837.53 1 0
github.com/dujoseaugusto/go-crawler-project/backups/crawler_old_backup.go:837.53,841.25 2 0
github.com/dujoseaugusto/go-crawler-project/backups/crawler_old_backup.go:841.25,843.20 2 0
github.com/dujoseaugusto/go-crawler-project/backups/crawler_old_backup.go:843.20,846.7 1 0
github.com/dujoseaugusto/go-crawler-project/backups/crawler_old_backup.go:846.12,850.7 2 0
github.com/dujoseaugusto/go-crawler-project/backups/crawler_old_backup.go:853.5,853.52 1 0
github.com/dujoseaugusto/go-crawler-project/backups/crawler_old_backup.go:853.52,855.6 1 0
github.com/dujoseaugusto/go-crawler-project/backups/crawler_old_backup.go:860.2,860.37 1 0
github.com/dujoseaugusto/go-crawler-project/backups/crawler_old_backup.go:860.37,862.3 1 0
github.com/dujoseaugusto/go-crawler-project/backups/crawler_old_backup.go:864.2,864.51 1 0
github.com/dujoseaugusto/go-crawler-project/backups/crawler_old_backup.go:864.51,866.3 1 0
github.com/dujoseaugusto/go-crawler-project/backups/crawler_old_backup.go:869.2,869.27 1 0
github.com/dujoseaugusto/go-crawler-project/backups/crawler_old_backup.go:869.27,870.22 1 0
github.com/dujoseaugusto/go-crawler-project/backups/crawler_old_backup.go:870.22,872.39 2 0
github.com/dujoseaugusto/go-crawler-project/backups/crawler_old_backup.go:872.39,874.5 1 0
github.com/dujoseaugusto/go-crawler-project/backups/crawler_old_backup.go:879.2,883.22 3 0
github.com/dujoseaugusto/go-crawler-project/backups/crawler_old_backup.go:883.22,884.51 1 0
github.com/dujoseaugusto/go-crawler-project/backups/crawler_old_backup.go:884.51,886.4 1 0
github.com/dujoseaugusto/go-crawler-project/backups/crawler_old_backup.go:889.3,890.68 2 0
github.com/dujoseaugusto/go-crawler-project/backups/crawler_old_backup.go:895.73,896.37 1 0
github.com/dujoseaugusto/go-crawler-project/backups/crawler_old_backup.go:896.37,898.17 2 0
github.com/dujoseaugusto/go-crawler-project/backups/crawler_old_backup.go:898.17,900.4 1 0
github.com/dujoseaugusto/go-crawler-project/backups/crawler_old_backup.go:902.2,902.11 1 0
github.com/dujoseaugusto/go-crawler-project/backups/crawler_old_backup.go:905.58,908.16 3 0
github.com/dujoseaugusto/go-crawler-project/backups/crawler_old_backup.go:908.16,910.3 1 0
github.com/dujoseaugusto/go-crawler-project/backups/crawler_old_backup.go:912.2,912.52 1 0
github.com/dujoseaugusto/go-crawler-project/backups/crawler_old_backup.go:912.52,914.3 1 0
github.com/dujoseaugusto/go-crawler-project/backups/crawler_old_backup.go:916.2,916.18 1 0
github.com/dujoseaugusto/go-crawler-project/api/handler/city_sites_handler.go:23.79,28.2 1 0
github.com/dujoseaugusto/go-crawler-project/api/handler/city_sites_handler.go:52.58,60.47 3 0
github.com/dujoseaugusto/go-crawler-project/api/handler/city_sites_handler.go:60.47,63.3 2 0
github.com/dujoseaugusto/go-crawler-project/api/handler/city_sites_handler.go:66.2,66.26 1 0
github.com/dujoseaugusto/go-crawler-project/api/handler/city_sites_handler.go:66.26,69.3 2 0
github.com/dujoseaugusto/go-crawler-project/api/handler/city_sites_handler.go:72.2,72.34 1 0
github.com/dujoseaugusto/go-crawler-project/api/handler/city_sites_handler.go:72.34,73.41 1 0
github.com/dujoseaugusto/go-crawler-project/api/handler/city_sites_handler.go:73.41,76.4 2 0
github.com/dujoseaugusto/go-crawler-project/api/handler/city_sites_handler.go:77.3,77.27 1 0
github.com/dujoseaugusto/go-crawler-project/api/handler/city_sites_handler.go:77.27,80.4 2 0
github.com/dujoseaugusto/go-crawler-project/api/handler/city_sites_handler.go:84.2,85.16 2 0
github.com/dujoseaugusto/go-crawler-project/api/handler/city_sites_handler.go:85.16,88.3 2 0
github.com/dujoseaugusto/go-crawler-project/api/handler/city_sites_handler.go:90.2,105.39 3 0
github.com/dujoseaugusto/go-crawler-project/api/handler/city_sites_handler.go:109.60,111.17 2 0
github.com/dujoseaugusto/go-crawler-project/api/handler/city_sites_handler.go:111.17,114.3 2 0
github.com/dujoseaugusto/go-crawler-project/api/handler/city_sites_handler.go:116.2,117.16 2 0
github.com/dujoseaugusto/go-crawler-project/api/handler/city_sites_handler.go:117.16,120.3 2 0
github.com/dujoseaugusto/go-crawler-project/api/handler/city_sites_handler.go:122.2,125.4 1 0
github.com/dujoseaugusto/go-crawler-project/api/handler/city_sites_handler.go:129.67,136.2 2 0
github.com/dujoseaugusto/go-crawler-project/api/handler/city_sites_handler.go:139.57,143.16 3 0
github.com/dujoseaugusto/go-crawler-project/api/handler/city_sites_handler.go:143.16,146.3 2 0
github.com/dujoseaugusto/go-crawler-project/api/handler/city_sites_handler.go:148.2,151.4 1 0
github.com/dujoseaugusto/go-crawler-project/api/handler/city_sites_handler.go:155.58,159.31 3 0
github.com/dujoseaugusto/go-crawler-project/api/handler/city_sites_handler.go:159.31,162.3 2 0
github.com/dujoseaugusto/go-crawler-project/api/handler/city_sites_handler.go:164.2,165.16 2 0
github.com/dujoseaugusto/go-crawler-project/api/handler/city_sites_handler.go:165.16,168.3 2 0
github.com/dujoseaugusto/go-crawler-project/api/handler/city_sites_handler.go:170.2,173.4 1 0
github.com/dujoseaugusto/go-crawler-project/api/handler/city_sites_handler.go:177.57,179.16 2 0
github.com/dujoseaugusto/go-crawler-project/api/handler/city_sites_handler.go:179.16,182.3 2 0
github.com/dujoseaugusto/go-crawler-project/api/handler/city_sites_handler.go:185.2,186.17 2 0
github.com/dujoseaugusto/go-crawler-project/api/handler/city_sites_handler.go:186.17,188.3 1 0
github.com/dujoseaugusto/go-crawler-project/api/handler/city_sites_handler.go:190.2,191.16 2 0
github.com/dujoseaugusto/go-crawler-project/api/handler/city_sites_handler.go:191.16,194.3 2 0
github.com/dujoseaugusto/go-crawler-project/api/handler/city_sites_handler.go:197.2,199.16 3 0
github.com/dujoseaugusto/go-crawler-project/api/handler/city_sites_handler.go:199.16,201.3 1 0
github.com/dujoseaugusto/go-crawler-project/api/handler/city_sites_handler.go:203.2,215.4 2 0
github.com/dujoseaugusto/go-crawler-project/api/handler/city_sites_handler.go:219.62,222.17 3 0
github.com/dujoseaugusto/go-crawler-project/api/handler/city_sites_handler.go:222.17,224.3 1 0
github.com/dujoseaugusto/go-crawler-project/api/handler/city_sites_handler.go:226.2,226.16 1 0
github.com/dujoseaugusto/go-crawler-project/api/handler/city_sites_handler.go:226.16,229.3 2 0
github.com/dujoseaugusto/go-crawler-project/api/handler/city_sites_handler.go:231.2,237.16 3 0
github.com/dujoseaugusto/go-crawler-project/api/handler/city_sites_handler.go:237.16,240.3 2 0
github.com/dujoseaugusto/go-crawler-project/api/handler/city_sites_handler.go:242.2,245.4 1 0
github.com/dujoseaugusto/go-crawler-project/api/handler/city_sites_handler.go:249.58,252.17 3 0
github.com/dujoseaugusto/go-crawler-project/api/handler/city_sites_handler.go:252.17,254.3 1 0
github.com/dujoseaugusto/go-crawler-project/api/handler/city_sites_handler.go:256.2,256.16 1 0
github.com/dujoseaugusto/go-crawler-project/api/handler/city_sites_handler.go:256.16,259.3 2 0
github.com/dujoseaugusto/go-crawler-project/api/handler/city_sites_handler.go:261.2,262.47 2 0
github.com/dujoseaugusto/go-crawler-project/api/handler/city_sites_handler.go:262.47,265.3 2 0
github.com/dujoseaugusto/go-crawler-project/api/handler/city_sites_handler.go:268.2,275.22 2 0
github.com/dujoseaugusto/go-crawler-project/api/handler/city_sites_handler.go:275.22,277.3 1 0
github.com/dujoseaugusto/go-crawler-project/api/handler/city_sites_handler.go:279.2,280.16 2 0
github.com/dujoseaugusto/go-crawler-project/api/handler/city_sites_handler.go:280.16,283.3 2 0
github.com/dujoseaugusto/go-crawler-project/api/handler/city_sites_handler.go:285.2,298.4 2 0
github.com/dujoseaugusto/go-crawler-project/api/handler/city_sites_handler.go:302.63,306.17 4 0
github.com/dujoseaugusto/go-crawler-project/api/handler/city_sites_handler.go:306.17,308.3 1 0
github.com/dujoseaugusto/go-crawler-project/api/handler/city_sites_handler.go:310.2,310.29 1 0
github.com/dujoseaugusto/go-crawler-project/api/handler/city_sites_handler.go:310.29,313.3 2 0
github.com/dujoseaugusto/go-crawler-project/api/handler/city_sites_handler.go:315.2,316.16 2 0
github.com/dujoseaugusto/go-crawler-project/api/handler/city_sites_handler.go:316.16,319.3 2 0
github.com/dujoseaugusto/go-crawler-project/api/handler/city_sites_handler.go:321.2,334.4 2 0
github.com/dujoseaugusto/go-crawler-project/api/handler/city_sites_handler.go:338.60,342.17 4 0
github.com/dujoseaugusto/go-crawler-project/api/handler/city_sites_handler.go:342.17,344.3 1 0
github.com/dujoseaugusto/go-crawler-project/api/handler/city_sites_handler.go:346.2,346.29 1 0
github.com/dujoseaugusto/go-crawler-project/api/handler/city_sites_handler.go:346.29,349.3 2 0
github.com/dujoseaugusto/go-crawler-project/api/handler/city_sites_handler.go:351.2,352.47 2 0
github.com/dujoseaugusto/go-crawler-project/api/handler/city_sites_handler.go:352.47,355.3 2 0
github.com/dujoseaugusto/go-crawler-project/api/handler/city_sites_handler.go:357.2,366.16 3 0
github.com/dujoseaugusto/go-crawler-project/api/handler/city_sites_handler.go:366.16,369.3 2 0
github.com/dujoseaugusto/go-crawler-project/api/handler/city_sites_handler.go:371.2,379.4 1 0
github.com/dujoseaugusto/go-crawler-project/api/handler/city_sites_handler.go:383.55,386.17 3 0
github.com/dujoseaugusto/go-crawler-project/api/handler/city_sites_handler.go:386.17,388.3 1 0
github.com/dujoseaugusto/go-crawler-project/api/handler/city_sites_handler.go:390.2,390.16 1 0
github.com/dujoseaugusto/go-crawler-project/api/handler/city_sites_handler.go:390.16,393.3 2 0
github.com/dujoseaugusto/go-crawler-project/api/handler/city_sites_handler.go:396.2,397.23 2 0
github.com/dujoseaugusto/go-crawler-project/api/handler/city_sites_handler.go:397.23,400.3 2 0
github.com/dujoseaugusto/go-crawler-project/api/handler/city_sites_handler.go:402.2,409.16 3 0
github.com/dujoseaugusto/go-crawler-project/api/handler/city_sites_handler.go:409.16,412.3 2 0
github.com/dujoseaugusto/go-crawler-project/api/handler/city_sites_handler.go:414.2,420.4 1 0
github.com/dujoseaugusto/go-crawler-project/api/handler/city_sites_handler.go:424.58,426.16 2 0
github.com/dujoseaugusto/go-crawler-project/api/handler/city_sites_handler.go:426.16,429.3 2 0
github.com/dujoseaugusto/go-crawler-project/api/handler/city_sites_handler.go:431.2,434.4 1 0
github.com/dujoseaugusto/go-crawler-project/api/handler/city_sites_handler.go:438.65,441.49 2 0
github.com/dujoseaugusto/go-crawler-project/api/handler/city_sites_handler.go:441.49,442.66 1 0
github.com/dujoseaugusto/go-crawler-project/api/handler/city_sites_handler.go:442.66,444.4 1 0
github.com/dujoseaugusto/go-crawler-project/api/handler/city_sites_handler.go:447.2,455.16 4 0
github.com/dujoseaugusto/go-crawler-project/api/handler/city_sites_handler.go:455.16,458.3 2 0
github.com/dujoseaugusto/go-crawler-project/api/handler/city_sites_handler.go:460.2,465.4 1 0
github.com/dujoseaugusto/go-crawler-project/api/handler/city_sites_handler.go:469.62,471.18 2 0
github.com/dujoseaugusto/go-crawler-project/api/handler/city_sites_handler.go:471.18,474.3 2 0
github.com/dujoseaugusto/go-crawler-project/api/handler/city_sites_handler.go:476.2,477.16 2 0
github.com/dujoseaugusto/go-crawler-project/api/handler/city_sites_handler.go:477.16,480.3 2 0
github.com/dujoseaugusto/go-crawler-project/api/handler/city_sites_handler.go:482.2,485.4 1 0
github.com/dujoseaugusto/go-crawler-project/api/handler/city_sites_handler.go:489.104,506.2 3 0
github.com/dujoseaugusto/go-crawler-project/api/handler/city_sites_handler.go:509.49,510.39 1 0
github.com/dujoseaugusto/go-crawler-project/api/handler/city_sites_handler.go:510.39,512.21 2 0
github.com/dujoseaugusto/go-crawler-project/api/handler/city_sites_handler.go:512.21,514.4 1 0
github.com/dujoseaugusto/go-crawler-project/api/handler/city_sites_handler.go:516.2,516.15 1 0
github.com/dujoseaugusto/go-crawler-project/api/handler/property_handler.go:21.76,26.2 1 1
github.com/dujoseaugusto/go-crawler-project/api/handler/property_handler.go:60.57,72.28 7 0
github.com/dujoseaugusto/go-crawler-project/api/handler/property_handler.go:72.28,74.3 1 0
github.com/dujoseaugusto/go-crawler-project/api/handler/property_handler.go:76.2,76.14 1 0
github.com/dujoseaugusto/go-crawler-project/api/handler/property_handler.go:80.103,97.2 3 0
github.com/dujoseaugusto/go-crawler-project/api/handler/property_handler.go:100.74,102.73 1 0
github.com/dujoseaugusto/go-crawler-project/api/handler/property_handler.go:102.73,104.3 1 0
github.com/dujoseaugusto/go-crawler-project/api/handler/property_handler.go:107.2,107.81 1 0
github.com/dujoseaugusto/go-crawler-project/api/handler/property_handler.go:107.81,109.3 1 0
github.com/dujoseaugusto/go-crawler-project/api/handler/property_handler.go:112.2,112.89 1 0
github.com/dujoseaugusto/go-crawler-project/api/handler/property_handler.go:112.89,114.3 1 0
github.com/dujoseaugusto/go-crawler-project/api/handler/property_handler.go:117.2,117.69 1 0
github.com/dujoseaugusto/go-crawler-project/api/handler/property_handler.go:117.69,119.3 1 0
github.com/dujoseaugusto/go-crawler-project/api/handler/property_handler.go:121.2,121.12 1 0
github.com/dujoseaugusto/go-crawler-project/api/handler/property_handler.go:124.57,132.16 3 0
github.com/dujoseaugusto/go-crawler-project/api/handler/property_handler.go:132.16,135.3 2 0
github.com/dujoseaugusto/go-crawler-project/api/handler/property_handler.go:137.2,143.33 3 0
github.com/dujoseaugusto/go-crawler-project/api/handler/property_handler.go:147.60,157.48 3 0
github.com/dujoseaugusto/go-crawler-project/api/handler/property_handler.go:157.48,160.3 2 0
github.com/dujoseaugusto/go-crawler-project/api/handler/property_handler.go:163.2,163.53 1 0
github.com/dujoseaugusto/go-crawler-project/api/handler/property_handler.go:163.53,166.3 2 0
github.com/dujoseaugusto/go-crawler-project/api/handler/property_handler.go:169.2,175.19 5 0
github.com/dujoseaugusto/go-crawler-project/api/handler/property_handler.go:175.19,177.3 1 0
github.com/dujoseaugusto/go-crawler-project/api/handler/property_handler.go:178.2,178.23 1 0
github.com/dujoseaugusto/go-crawler-project/api/handler/property_handler.go:178.23,180.3 1 0
github.com/dujoseaugusto/go-crawler-project/api/handler/property_handler.go:183.2,221.16 5 0
github.com/dujoseaugusto/go-crawler-project/api/handler/property_handler.go:221.16,224.3 2 0
github.com/dujoseaugusto/go-crawler-project/api/handler/property_handler.go:226.2,233.31 2 0
github.com/dujoseaugusto/go-crawler-project/api/handler/property_handler.go:243.58,251.41 2 0
github.com/dujoseaugusto/go-crawler-project/api/handler/property_handler.go:251.41,254.3 2 0
github.com/dujoseaugusto/go-crawler-project/api/handler/property_handler.go:257.2,258.47 2 0
github.com/dujoseaugusto/go-crawler-project/api/handler/property_handler.go:258.47,263.3 3 0
github.com/dujoseaugusto/go-crawler-project/api/handler/property_handler.go:266.2,266.26 1 0
github.com/dujoseaugusto/go-crawler-project/api/handler/property_handler.go:266.26,269.3 2 0
github.com/dujoseaugusto/go-crawler-project/api/handler/property_handler.go:272.2,272.12 1 0
github.com/dujoseaugusto/go-crawler-project/api/handler/property_handler.go:272.12,284.66 4 0
github.com/dujoseaugusto/go-crawler-project/api/handler/property_handler.go:284.66,286.4 1 0
github.com/dujoseaugusto/go-crawler-project/api/handler/property_handler.go:286.9,288.4 1 0
github.com/dujoseaugusto/go-crawler-project/api/handler/property_handler.go:292.2,298.25 2 0
github.com/dujoseaugusto/go-crawler-project/api/handler/property_handler.go:298.25,301.3 2 0
github.com/dujoseaugusto/go-crawler-project/api/handler/property_handler.go:301.8,303.3 1 0
github.com/dujoseaugusto/go-crawler-project/api/handler/property_handler.go:305.2,315.39 3 0
github.com/dujoseaugusto/go-crawler-project/api/handler/property_handler.go:319.59,329.51 3 0
github.com/dujoseaugusto/go-crawler-project/api/handler/property_handler.go:329.51,337.3 3 0
github.com/dujoseaugusto/go-crawler-project/api/handler/property_handler.go:340.2,340.58 1 0
github.com/dujoseaugusto/go-crawler-project/api/handler/property_handler.go:340.58,348.3 3 0
github.com/dujoseaugusto/go-crawler-project/api/handler/property_handler.go:351.2,361.21 5 0
github.com/dujoseaugusto/go-crawler-project/api/handler/property_handler.go:361.21,363.3 1 0
github.com/dujoseaugusto/go-crawler-project/api/handler/property_handler.go:366.2,366.20 1 0
github.com/dujoseaugusto/go-crawler-project/api/handler/property_handler.go:366.20,372.3 1 0
github.com/dujoseaugusto/go-crawler-project/api/handler/property_handler.go:372.8,374.3 1 0
github.com/dujoseaugusto/go-crawler-project/api/handler/property_handler.go:376.2,376.28 1 0
github.com/dujoseaugusto/go-crawler-project/internal/utils/text_utils.go:14.40,15.16 1 1
github.com/dujoseaugusto/go-crawler-project/internal/utils/text_utils.go:15.16,17.3 1 1
github.com/dujoseaugusto/go-crawler-project/internal/utils/text_utils.go:20.2,33.38 7 1
github.com/dujoseaugusto/go-crawler-project/internal/utils/text_utils.go:37.47,38.17 1 1
github.com/dujoseaugusto/go-crawler-project/internal/utils/text_utils.go:38.17,40.3 1 1
github.com/dujoseaugusto/go-crawler-project/internal/utils/text_utils.go:43.2,56.29 5 1
github.com/dujoseaugusto/go-crawler-project/internal/utils/text_utils.go:56.29,57.41 1 1
github.com/dujoseaugusto/go-crawler-project/internal/utils/text_utils.go:57.41,59.4 1 1
github.com/dujoseaugusto/go-crawler-project/internal/utils/text_utils.go:62.2,62.14 1 1
github.com/dujoseaugusto/go-crawler-project/internal/utils/text_utils.go:66.46,67.21 1 1
github.com/dujoseaugusto/go-crawler-project/internal/utils/text_utils.go:67.21,69.3 1 1
github.com/dujoseaugusto/go-crawler-project/internal/utils/text_utils.go:72.2,73.29 2 1
github.com/dujoseaugusto/go-crawler-project/internal/utils/text_utils.go:73.29,77.3 2 1
github.com/dujoseaugusto/go-crawler-project/internal/utils/text_utils.go:80.2,80.36 1 1
github.com/dujoseaugusto/go-crawler-project/internal/utils/text_utils.go:84.73,85.27 1 0
github.com/dujoseaugusto/go-crawler-project/internal/utils/text_utils.go:85.27,87.3 1 0
github.com/dujoseaugusto/go-crawler-project/internal/utils/text_utils.go:89.2,92.35 3 0
github.com/dujoseaugusto/go-crawler-project/internal/utils/text_utils.go:92.35,95.16 2 0
github.com/dujoseaugusto/go-crawler-project/internal/utils/text_utils.go:95.16,99.4 2 0
github.com/dujoseaugusto/go-crawler-project/internal/utils/text_utils.go:103.2,103.42 1 0
github.com/dujoseaugusto/go-crawler-project/internal/utils/text_utils.go:107.58,108.27 1 0
github.com/dujoseaugusto/go-crawler-project/internal/utils/text_utils.go:108.27,110.3 1 0
github.com/dujoseaugusto/go-crawler-project/internal/utils/text_utils.go:112.2,114.35 2 0
github.com/dujoseaugusto/go-crawler-project/internal/utils/text_utils.go:114.35,115.45 1 0
github.com/dujoseaugusto/go-crawler-project/internal/utils/text_utils.go:115.45,117.4 1 0
github.com/dujoseaugusto/go-crawler-project/internal/utils/text_utils.go:120.2,120.14 1 0
github.com/dujoseaugusto/go-crawler-project/internal/utils/text_utils.go:124.65,125.27 1 0
github.com/dujoseaugusto/go-crawler-project/internal/utils/text_utils.go:125.27,127.3 1 0
github.com/dujoseaugusto/go-crawler-project/internal/utils/text_utils.go:129.2,130.35 2 0
github.com/dujoseaugusto/go-crawler-project/internal/utils/text_utils.go:130.35,134.70 3 0
github.com/dujoseaugusto/go-crawler-project/internal/utils/text_utils.go:134.70,136.4 1 0
github.com/dujoseaugusto/go-crawler-project/internal/utils/text_utils.go:139.2,139.15 1 0
github.com/dujoseaugusto/go-crawler-project/internal/logger/logger.go:25.35,26.11 1 0
github.com/dujoseaugusto/go-crawler-project/internal/logger/logger.go:27.13,28.17 1 0
github.com/dujoseaugusto/go-crawler-project/internal/logger/logger.go:29.12,30.16 1 0
github.com/dujoseaugusto/go-crawler-project/internal/logger/logger.go:31.12,32.16 1 0
github.com/dujoseaugusto/go-crawler-project/internal/logger/logger.go:33.13,34.17 1 0
github.com/dujoseaugusto/go-crawler-project/internal/logger/logger.go:35.13,36.17 1 0
github.com/dujoseaugusto/go-crawler-project/internal/logger/logger.go:37.10,38.19 1 0
github.com/dujoseaugusto/go-crawler-project/internal/logger/logger.go:63.42,69.2 1 0
github.com/dujoseaugusto/go-crawler-project/internal/logger/logger.go:72.43,74.2 1 0
github.com/dujoseaugusto/go-crawler-project/internal/logger/logger.go:77.67,85.29 2 0
github.com/dujoseaugusto/go-crawler-project/internal/logger/logger.go:85.29,87.3 1 0
github.com/dujoseaugusto/go-crawler-project/internal/logger/logger.go:90.2,92.18 2 0
github.com/dujoseaugusto/go-crawler-project/internal/logger/logger.go:96.68,104.29 2 0
github.com/dujoseaugusto/go-crawler-project/internal/logger/logger.go:104.29,106.3 1 0
github.com/dujoseaugusto/go-crawler-project/internal/logger/logger.go:109.2,109.27 1 0
github.com/dujoseaugusto/go-crawler-project/internal/logger/logger.go:109.27,111.3 1 0
github.com/dujoseaugusto/go-crawler-project/internal/logger/logger.go:113.2,113.18 1 0
github.com/dujoseaugusto/go-crawler-project/internal/logger/logger.go:117.47,118.16 1 0
github.com/dujoseaugusto/go-crawler-project/internal/logger/logger.go:118.16,120.3 1 0
github.com/dujoseaugusto/go-crawler-project/internal/logger/logger.go:121.2,121.42 1 0
github.com/dujoseaugusto/go-crawler-project/internal/logger/logger.go:125.65,126.21 1 0
github.com/dujoseaugusto/go-crawler-project/internal/logger/logger.go:126.21,128.3 1 0
github.com/dujoseaugusto/go-crawler-project/internal/logger/logger.go:131.2,135.8 4 0
github.com/dujoseaugusto/go-crawler-project/internal/logger/logger.go:135.8,138.21 2 0
github.com/dujoseaugusto/go-crawler-project/internal/logger/logger.go:138.21,140.4 1 0
github.com/dujoseaugusto/go-crawler-project/internal/logger/logger.go:143.3,144.9 2 0
github.com/dujoseaugusto/go-crawler-project/internal/logger/logger.go:144.9,146.17 2 0
github.com/dujoseaugusto/go-crawler-project/internal/logger/logger.go:146.17,149.59 2 0
github.com/dujoseaugusto/go-crawler-project/internal/logger/logger.go:149.59,151.6 1 0
github.com/dujoseaugusto/go-crawler-project/internal/logger/logger.go:156.2,167.16 2 0
github.com/dujoseaugusto/go-crawler-project/internal/logger/logger.go:167.16,169.3 1 0
github.com/dujoseaugusto/go-crawler-project/internal/logger/logger.go:172.2,173.20 2 0
github.com/dujoseaugusto/go-crawler-project/internal/logger/logger.go:173.20,177.3 2 0
github.com/dujoseaugusto/go-crawler-project/internal/logger/logger.go:180.2,183.20 2 0
github.com/dujoseaugusto/go-crawler-project/internal/logger/logger.go:183.20,185.3 1 0
github.com/dujoseaugusto/go-crawler-project/internal/logger/logger.go:189.40,191.2 1 0
github.com/dujoseaugusto/go-crawler-project/internal/logger/logger.go:194.61,196.2 1 0
github.com/dujoseaugusto/go-crawler-project/internal/logger/logger.go:199.39,201.2 1 0
github.com/dujoseaugusto/go-crawler-project/internal/logger/logger.go:204.60,206.2 1 0
github.com/dujoseaugusto/go-crawler-project/internal/logger/logger.go:209.39,211.2 1 0
github.com/dujoseaugusto/go-crawler-project/internal/logger/logger.go:214.60,216.2 1 0
github.com/dujoseaugusto/go-crawler-project/internal/logger/logger.go:219.51,221.2 1 0
github.com/dujoseaugusto/go-crawler-project/internal/logger/logger.go:224.61,226.2 1 0
github.com/dujoseaugusto/go-crawler-project/internal/logger/logger.go:229.51,231.2 1 0
github.com/dujoseaugusto/go-crawler-project/internal/logger/logger.go:234.61,236.2 1 0
github.com/dujoseaugusto/go-crawler-project/internal/logger/logger.go:242.28,244.2 1 0
github.com/dujoseaugusto/go-crawler-project/internal/logger/logger.go:246.49,248.2 1 0
github.com/dujoseaugusto/go-crawler-project/internal/logger/logger.go:250.27,252.2 1 0
github.com/dujoseaugusto/go-crawler-project/internal/logger/logger.go:254.48,256.2 1 0
github.com/dujoseaugusto/go-crawler-project/internal/logger/logger.go:258.27,260.2 1 0
github.com/dujoseaugusto/go-crawler-project/internal/logger/logger.go:262.48,264.2 1 0
github.com/dujoseaugusto/go-crawler-project/internal/logger/logger.go:266.39,268.2 1 0
github.com/dujoseaugusto/go-crawler-project/internal/logger/logger.go:270.49,272.2 1 0
github.com/dujoseaugusto/go-crawler-project/internal/logger/logger.go:274.39,276.2 1 0
github.com/dujoseaugusto/go-crawler-project/internal/logger/logger.go:278.49,280.2 1 0
github.com/dujoseaugusto/go-crawler-project/internal/logger/logger.go:282.55,284.2 1 0
github.com/dujoseaugusto/go-crawler-project/internal/logger/logger.go:286.56,288.2 1 0
github.com/dujoseaugusto/go-crawler-project/internal/logger/logger.go:290.35,292.2 1 0
github.com/dujoseaugusto/go-crawler-project/internal/logger/logger.go:294.31,296.2 1 0
github.com/dujoseaugusto/go-crawler-project/internal/crawler/crawler.go:27.67,29.16 2 0
github.com/dujoseaugusto/go-crawler-project/internal/crawler/crawler.go:29.16,31.3 1 0
github.com/dujoseaugusto/go-crawler-project/internal/crawler/crawler.go:34.2,35.16 2 0
github.com/dujoseaugusto/go-crawler-project/internal/crawler/crawler.go:35.16,42.3 2 0
github.com/dujoseaugusto/go-crawler-project/internal/crawler/crawler.go:44.2,48.3 1 0
github.com/dujoseaugusto/go-crawler-project/internal/crawler/crawler.go:51.60,53.16 2 0
github.com/dujoseaugusto/go-crawler-project/internal/crawler/crawler.go:53.16,55.3 1 0
github.com/dujoseaugusto/go-crawler-project/internal/crawler/crawler.go:57.2,58.12 2 0
github.com/dujoseaugusto/go-crawler-project/internal/crawler/crawler.go:62.44,71.19 5 0
github.com/dujoseaugusto/go-crawler-project/internal/crawler/crawler.go:71.19,73.3 1 0
github.com/dujoseaugusto/go-crawler-project/internal/crawler/crawler.go:76.2,80.16 4 0
github.com/dujoseaugusto/go-crawler-project/internal/crawler/crawler.go:80.16,82.3 1 0
github.com/dujoseaugusto/go-crawler-project/internal/crawler/crawler.go:84.2,84.14 1 0
github.com/dujoseaugusto/go-crawler-project/internal/crawler/crawler.go:88.36,92.2 3 0
github.com/dujoseaugusto/go-crawler-project/internal/crawler/crawler.go:95.35,98.20 3 0
github.com/dujoseaugusto/go-crawler-project/internal/crawler/crawler.go:98.20,100.17 2 0
github.com/dujoseaugusto/go-crawler-project/internal/crawler/crawler.go:100.17,102.4 1 0
github.com/dujoseaugusto/go-crawler-project/internal/crawler/crawler.go:104.2,104.10 1 0
github.com/dujoseaugusto/go-crawler-project/internal/crawler/crawler.go:108.39,111.20 3 0
github.com/dujoseaugusto/go-crawler-project/internal/crawler/crawler.go:111.20,113.17 2 0
github.com/dujoseaugusto/go-crawler-project/internal/crawler/crawler.go:113.17,115.4 1 0
github.com/dujoseaugusto/go-crawler-project/internal/crawler/crawler.go:117.2,117.10 1 0
github.com/dujoseaugusto/go-crawler-project/internal/crawler/crawler.go:121.38,124.20 3 0
github.com/dujoseaugusto/go-crawler-project/internal/crawler/crawler.go:124.20,128.17 3 0
github.com/dujoseaugusto/go-crawler-project/internal/crawler/crawler.go:128.17,130.4 1 0
github.com/dujoseaugusto/go-crawler-project/internal/crawler/crawler.go:132.2,132.10 1 0
github.com/dujoseaugusto/go-crawler-project/internal/crawler/crawler.go:136.45,139.35 2 0
github.com/dujoseaugusto/go-crawler-project/internal/crawler/crawler.go:139.35,141.3 1 0
github.com/dujoseaugusto/go-crawler-project/internal/crawler/crawler.go:141.8,141.82 1 0
github.com/dujoseaugusto/go-crawler-project/internal/crawler/crawler.go:141.82,143.3 1 0
github.com/dujoseaugusto/go-crawler-project/internal/crawler/crawler.go:143.8,143.78 1 0
github.com/dujoseaugusto/go-crawler-project/internal/crawler/crawler.go:143.78,145.3 1 0
github.com/dujoseaugusto/go-crawler-project/internal/crawler/crawler.go:145.8,145.120 1 0
github.com/dujoseaugusto/go-crawler-project/internal/crawler/crawler.go:145.120,147.3 1 0
github.com/dujoseaugusto/go-crawler-project/internal/crawler/crawler.go:147.8,147.151 1 0
github.com/dujoseaugusto/go-crawler-project/internal/crawler/crawler.go:147.151,149.3 1 0
github.com/dujoseaugusto/go-crawler-project/internal/crawler/crawler.go:151.2,151.16 1 0
github.com/dujoseaugusto/go-crawler-project/internal/crawler/crawler.go:155.35,164.2 4 0
github.com/dujoseaugusto/go-crawler-project/internal/crawler/crawler.go:167.67,172.23 3 0
github.com/dujoseaugusto/go-crawler-project/internal/crawler/crawler.go:172.23,175.3 2 0
github.com/dujoseaugusto/go-crawler-project/internal/crawler/crawler.go:175.8,177.149 1 0
github.com/dujoseaugusto/go-crawler-project/internal/crawler/crawler.go:177.149,178.44 1 0
github.com/dujoseaugusto/go-crawler-project/internal/crawler/crawler.go:178.44,180.10 2 0
github.com/dujoseaugusto/go-crawler-project/internal/crawler/crawler.go:185.2,185.8 1 0
github.com/dujoseaugusto/go-crawler-project/internal/crawler/crawler.go:188.91,205.18 12 0
github.com/dujoseaugusto/go-crawler-project/internal/crawler/crawler.go:205.18,207.3 1 0
github.com/dujoseaugusto/go-crawler-project/internal/crawler/crawler.go:210.2,211.105 2 0
github.com/dujoseaugusto/go-crawler-project/internal/crawler/crawler.go:211.105,212.60 1 0
github.com/dujoseaugusto/go-crawler-project/internal/crawler/crawler.go:212.60,214.4 1 0
github.com/dujoseaugusto/go-crawler-project/internal/crawler/crawler.go:217.2,231.3 1 0
github.com/dujoseaugusto/go-crawler-project/internal/crawler/crawler.go:235.153,242.188 3 0
github.com/dujoseaugusto/go-crawler-project/internal/crawler/crawler.go:242.188,245.21 2 0
github.com/dujoseaugusto/go-crawler-project/internal/crawler/crawler.go:245.21,249.59 3 0
github.com/dujoseaugusto/go-crawler-project/internal/crawler/crawler.go:249.59,251.5 1 0
github.com/dujoseaugusto/go-crawler-project/internal/crawler/crawler.go:255.3,256.18 2 0
github.com/dujoseaugusto/go-crawler-project/internal/crawler/crawler.go:256.18,258.60 2 0
github.com/dujoseaugusto/go-crawler-project/internal/crawler/crawler.go:258.60,260.5 1 0
github.com/dujoseaugusto/go-crawler-project/internal/crawler/crawler.go:264.3,265.22 2 0
github.com/dujoseaugusto/go-crawler-project/internal/crawler/crawler.go:265.22,268.41 2 0
github.com/dujoseaugusto/go-crawler-project/internal/crawler/crawler.go:268.41,270.5 1 0
github.com/dujoseaugusto/go-crawler-project/internal/crawler/crawler.go:274.3,275.90 2 0
github.com/dujoseaugusto/go-crawler-project/internal/crawler/crawler.go:275.90,276.62 1 0
github.com/dujoseaugusto/go-crawler-project/internal/crawler/crawler.go:276.62,278.5 1 0
github.com/dujoseaugusto/go-crawler-project/internal/crawler/crawler.go:281.3,281.36 1 0
github.com/dujoseaugusto/go-crawler-project/internal/crawler/crawler.go:281.36,297.24 2 0
github.com/dujoseaugusto/go-crawler-project/internal/crawler/crawler.go:297.24,299.19 2 0
github.com/dujoseaugusto/go-crawler-project/internal/crawler/crawler.go:299.19,301.6 1 0
github.com/dujoseaugusto/go-crawler-project/internal/crawler/crawler.go:304.4,304.45 1 0
github.com/dujoseaugusto/go-crawler-project/internal/crawler/crawler.go:309.2,309.26 1 0
github.com/dujoseaugusto/go-crawler-project/internal/crawler/crawler.go:309.26,318.32 4 0
github.com/dujoseaugusto/go-crawler-project/internal/crawler/crawler.go:318.32,319.15 1 0
github.com/dujoseaugusto/go-crawler-project/internal/crawler/crawler.go:319.15,320.10 1 0
github.com/dujoseaugusto/go-crawler-project/internal/crawler/crawler.go:323.4,324.23 2 0
github.com/dujoseaugusto/go-crawler-project/internal/crawler/crawler.go:324.23,325.13 1 0
github.com/dujoseaugusto/go-crawler-project/internal/crawler/crawler.go:329.4,331.93 3 0
github.com/dujoseaugusto/go-crawler-project/internal/crawler/crawler.go:331.93,333.5 1 0
github.com/dujoseaugusto/go-crawler-project/internal/crawler/crawler.go:335.4,349.24 2 0
github.com/dujoseaugusto/go-crawler-project/internal/crawler/crawler.go:349.24,351.19 2 0
github.com/dujoseaugusto/go-crawler-project/internal/crawler/crawler.go:351.19,353.6 1 0
github.com/dujoseaugusto/go-crawler-project/internal/crawler/crawler.go:356.4,356.45 1 0
github.com/dujoseaugusto/go-crawler-project/internal/crawler/crawler.go:361.2,361.38 1 0
github.com/dujoseaugusto/go-crawler-project/internal/crawler/crawler.go:361.38,362.52 1 0
github.com/dujoseaugusto/go-crawler-project/internal/crawler/crawler.go:362.52,364.51 2 0
github.com/dujoseaugusto/go-crawler-project/internal/crawler/crawler.go:364.51,366.5 1 0
github.com/dujoseaugusto/go-crawler-project/internal/crawler/crawler.go:370.2,370.89 1 0
github.com/dujoseaugusto/go-crawler-project/internal/crawler/crawler.go:374.49,380.57 3 0
github.com/dujoseaugusto/go-crawler-project/internal/crawler/crawler.go:380.57,382.3 1 0
github.com/dujoseaugusto/go-crawler-project/internal/crawler/crawler.go:385.2,386.39 2 0
github.com/dujoseaugusto/go-crawler-project/internal/crawler/crawler.go:386.39,388.3 1 0
github.com/dujoseaugusto/go-crawler-project/internal/crawler/crawler.go:390.2,390.11 1 0
github.com/dujoseaugusto/go-crawler-project/internal/crawler/crawler.go:394.46,417.45 4 0
github.com/dujoseaugusto/go-crawler-project/internal/crawler/crawler.go:417.45,418.48 1 0
github.com/dujoseaugusto/go-crawler-project/internal/crawler/crawler.go:418.48,420.4 1 0
github.com/dujoseaugusto/go-crawler-project/internal/crawler/crawler.go:424.2,424.30 1 0
github.com/dujoseaugusto/go-crawler-project/internal/crawler/crawler.go:424.30,425.40 1 0
github.com/dujoseaugusto/go-crawler-project/internal/crawler/crawler.go:425.40,427.4 1 0
github.com/dujoseaugusto/go-crawler-project/internal/crawler/crawler.go:431.2,436.39 2 0
github.com/dujoseaugusto/go-crawler-project/internal/crawler/crawler.go:436.39,437.43 1 0
github.com/dujoseaugusto/go-crawler-project/internal/crawler/crawler.go:437.43,440.4 2 0
github.com/dujoseaugusto/go-crawler-project/internal/crawler/crawler.go:443.2,443.11 1 0
github.com/dujoseaugusto/go-crawler-project/internal/crawler/crawler.go:447.54,458.45 3 0
github.com/dujoseaugusto/go-crawler-project/internal/crawler/crawler.go:458.45,459.48 1 0
github.com/dujoseaugusto/go-crawler-project/internal/crawler/crawler.go:459.48,461.4 1 0
github.com/dujoseaugusto/go-crawler-project/internal/crawler/crawler.go:464.2,464.11 1 0
github.com/dujoseaugusto/go-crawler-project/internal/crawler/crawler.go:467.121,493.37 8 0
github.com/dujoseaugusto/go-crawler-project/internal/crawler/crawler.go:493.37,497.3 3 0
github.com/dujoseaugusto/go-crawler-project/internal/crawler/crawler.go:500.2,500.34 1 0
github.com/dujoseaugusto/go-crawler-project/internal/crawler/crawler.go:500.34,504.3 3 0
github.com/dujoseaugusto/go-crawler-project/internal/crawler/crawler.go:507.2,507.49 1 0
github.com/dujoseaugusto/go-crawler-project/internal/crawler/crawler.go:507.49,512.80 3 0
github.com/dujoseaugusto/go-crawler-project/internal/crawler/crawler.go:512.80,514.4 1 0
github.com/dujoseaugusto/go-crawler-project/internal/crawler/crawler.go:517.3,524.101 1 0
github.com/dujoseaugusto/go-crawler-project/internal/crawler/crawler.go:524.101,526.32 1 0
github.com/dujoseaugusto/go-crawler-project/internal/crawler/crawler.go:526.32,530.5 3 0
github.com/dujoseaugusto/go-crawler-project/internal/crawler/crawler.go:535.2,535.51 1 0
github.com/dujoseaugusto/go-crawler-project/internal/crawler/crawler.go:535.51,546.47 5 0
github.com/dujoseaugusto/go-crawler-project/internal/crawler/crawler.go:546.47,547.40 1 0
github.com/dujoseaugusto/go-crawler-project/internal/crawler/crawler.go:547.40,549.5 1 0
github.com/dujoseaugusto/go-crawler-project/internal/crawler/crawler.go:553.3,553.96 1 0
github.com/dujoseaugusto/go-crawler-project/internal/crawler/crawler.go:553.96,555.4 1 0
github.com/dujoseaugusto/go-crawler-project/internal/crawler/crawler.go:558.3,558.50 1 0
github.com/dujoseaugusto/go-crawler-project/internal/crawler/crawler.go:558.50,560.4 1 0
github.com/dujoseaugusto/go-crawler-project/internal/crawler/crawler.go:562.3,562.15 1 0
github.com/dujoseaugusto/go-crawler-project/internal/crawler/crawler.go:566.2,566.62 1 0
github.com/dujoseaugusto/go-crawler-project/internal/crawler/crawler.go:566.62,570.59 2 0
github.com/dujoseaugusto/go-crawler-project/internal/crawler/crawler.go:570.59,579.57 3 0
github.com/dujoseaugusto/go-crawler-project/internal/crawler/crawler.go:579.57,581.5 1 0
github.com/dujoseaugusto/go-crawler-project/internal/crawler/crawler.go:584.4,590.61 1 0
github.com/dujoseaugusto/go-crawler-project/internal/crawler/crawler.go:590.61,592.33 1 0
github.com/dujoseaugusto/go-crawler-project/internal/crawler/crawler.go:592.33,594.6 1 0
github.com/dujoseaugusto/go-crawler-project/internal/crawler/crawler.go:598.3,598.15 1 0
github.com/dujoseaugusto/go-crawler-project/internal/crawler/crawler.go:602.2,602.60 1 0
github.com/dujoseaugusto/go-crawler-project/internal/crawler/crawler.go:602.60,607.23 2 0
github.com/dujoseaugusto/go-crawler-project/internal/crawler/crawler.go:607.23,615.30 4 0
github.com/dujoseaugusto/go-crawler-project/internal/crawler/crawler.go:615.30,616.40 1 0
github.com/dujoseaugusto/go-crawler-project/internal/crawler/crawler.go:616.40,617.34 1 0
github.com/dujoseaugusto/go-crawler-project/internal/crawler/crawler.go:617.34,621.7 3 0
github.com/dujoseaugusto/go-crawler-project/internal/crawler/crawler.go:624.5,624.11 1 0
github.com/dujoseaugusto/go-crawler-project/internal/crawler/crawler.go:625.10,630.5 3 0
github.com/dujoseaugusto/go-crawler-project/internal/crawler/crawler.go:634.3,643.21 2 0
github.com/dujoseaugusto/go-crawler-project/internal/crawler/crawler.go:643.21,647.60 3 0
github.com/dujoseaugusto/go-crawler-project/internal/crawler/crawler.go:647.60,649.5 1 0
github.com/dujoseaugusto/go-crawler-project/internal/crawler/crawler.go:653.3,657.19 3 0
github.com/dujoseaugusto/go-crawler-project/internal/crawler/crawler.go:657.19,665.27 2 0
github.com/dujoseaugusto/go-crawler-project/internal/crawler/crawler.go:665.27,667.30 2 0
github.com/dujoseaugusto/go-crawler-project/internal/crawler/crawler.go:667.30,669.6 1 0
github.com/dujoseaugusto/go-crawler-project/internal/crawler/crawler.go:674.3,679.26 3 0
github.com/dujoseaugusto/go-crawler-project/internal/crawler/crawler.go:679.26,681.4 1 0
github.com/dujoseaugusto/go-crawler-project/internal/crawler/crawler.go:681.9,685.4 2 0
github.com/dujoseaugusto/go-crawler-project/internal/crawler/crawler.go:687.3,696.22 2 0
github.com/dujoseaugusto/go-crawler-project/internal/crawler/crawler.go:696.22,699.54 2 0
github.com/dujoseaugusto/go-crawler-project/internal/crawler/crawler.go:699.54,701.23 2 0
github.com/dujoseaugusto/go-crawler-project/internal/crawler/crawler.go:701.23,703.6 1 0
github.com/dujoseaugusto/go-crawler-project/internal/crawler/crawler.go:706.4,706.27 1 0
github.com/dujoseaugusto/go-crawler-project/internal/crawler/crawler.go:706.27,708.5 1 0
github.com/dujoseaugusto/go-crawler-project/internal/crawler/crawler.go:711.3,720.18 2 0
github.com/dujoseaugusto/go-crawler-project/internal/crawler/crawler.go:720.18,723.58 3 0
github.com/dujoseaugusto/go-crawler-project/internal/crawler/crawler.go:723.58,725.5 1 0
github.com/dujoseaugusto/go-crawler-project/internal/crawler/crawler.go:730.3,745.227 4 0
github.com/dujoseaugusto/go-crawler-project/internal/crawler/crawler.go:745.227,747.18 2 0
github.com/dujoseaugusto/go-crawler-project/internal/crawler/crawler.go:747.18,751.32 3 0
github.com/dujoseaugusto/go-crawler-project/internal/crawler/crawler.go:751.32,762.44 3 0
github.com/dujoseaugusto/go-crawler-project/internal/crawler/crawler.go:762.44,764.7 1 0
github.com/dujoseaugusto/go-crawler-project/internal/crawler/crawler.go:770.3,770.117 1 0
github.com/dujoseaugusto/go-crawler-project/internal/crawler/crawler.go:770.117,776.43 3 0
github.com/dujoseaugusto/go-crawler-project/internal/crawler/crawler.go:776.43,778.5 1 0
github.com/dujoseaugusto/go-crawler-project/internal/crawler/crawler.go:782.3,782.22 1 0
github.com/dujoseaugusto/go-crawler-project/internal/crawler/crawler.go:782.22,784.4 1 0
github.com/dujoseaugusto/go-crawler-project/internal/crawler/crawler.go:787.3,787.34 1 0
github.com/dujoseaugusto/go-crawler-project/internal/crawler/crawler.go:787.34,789.40 1 0
github.com/dujoseaugusto/go-crawler-project/internal/crawler/crawler.go:789.40,792.5 2 0
github.com/dujoseaugusto/go-crawler-project/internal/crawler/crawler.go:795.4,795.38 1 0
github.com/dujoseaugusto/go-crawler-project/internal/crawler/crawler.go:795.38,798.5 2 0
github.com/dujoseaugusto/go-crawler-project/internal/crawler/crawler.go:801.4,806.42 3 0
github.com/dujoseaugusto/go-crawler-project/internal/crawler/crawler.go:806.42,807.44 1 0
github.com/dujoseaugusto/go-crawler-project/internal/crawler/crawler.go:807.44,810.6 2 0
github.com/dujoseaugusto/go-crawler-project/internal/crawler/crawler.go:813.4,813.15 1 0
github.com/dujoseaugusto/go-crawler-project/internal/crawler/crawler.go:817.3,817.59 1 0
github.com/dujoseaugusto/go-crawler-project/internal/crawler/crawler.go:817.59,827.20 2 0
github.com/dujoseaugusto/go-crawler-project/internal/crawler/crawler.go:827.20,829.5 1 0
github.com/dujoseaugusto/go-crawler-project/internal/crawler/crawler.go:832.4,832.32 1 0
github.com/dujoseaugusto/go-crawler-project/internal/crawler/crawler.go:832.32,834.5 1 0
github.com/dujoseaugusto/go-crawler-project/internal/crawler/crawler.go:837.4,837.53 1 0
github.com/dujoseaugusto/go-crawler-project/internal/crawler/crawler.go:837.53,841.25 2 0
github.com/dujoseaugusto/go-crawler-project/internal/crawler/crawler.go:841.25,843.20 2 0
github.com/dujoseaugusto/go-crawler-project/internal/crawler/crawler.go:843.20,846.7 1 0
github.com/dujoseaugusto/go-crawler-project/internal/crawler/crawler.go:846.12,850.7 2 0
github.com/dujoseaugusto/go-crawler-project/internal/crawler/crawler.go:853.5,853.52 1 0
github.com/dujoseaugusto/go-crawler-project/internal/crawler/crawler.go:853.52,855.6 1 0
github.com/dujoseaugusto/go-crawler-project/internal/crawler/crawler.go:860.2,860.37 1 0
github.com/dujoseaugusto/go-crawler-project/internal/crawler/crawler.go:860.37,862.3 1 0
github.com/dujoseaugusto/go-crawler-project/internal/crawler/crawler.go:864.2,864.51 1 0
github.com/dujoseaugusto/go-crawler-project/internal/crawler/crawler.go:864.51,866.3 1 0
github.com/dujoseaugusto/go-crawler-project/internal/crawler/crawler.go:869.2,869.27 1 0
github.com/dujoseaugusto/go-crawler-project/internal/crawler/crawler.go:869.27,870.22 1 0
github.com/dujoseaugusto/go-crawler-project/internal/crawler/crawler.go:870.22,872.39 2 0
github.com/dujoseaugusto/go-crawler-project/internal/crawler/crawler.go:872.39,874.5 1 0
github.com/dujoseaugusto/go-crawler-project/internal/crawler/crawler.go:879.2,883.22 3 0
github.com/dujoseaugusto/go-crawler-project/internal/crawler/crawler.go:883.22,884.51 1 0
github.com/dujoseaugusto/go-crawler-project/internal/crawler/crawler.go:884.51,886.4 1 0
github.com/dujoseaugusto/go-crawler-project/internal/crawler/crawler.go:889.3,890.68 2 0
github.com/dujoseaugusto/go-crawler-project/internal/crawler/crawler.go:895.73,896.37 1 0
github.com/dujoseaugusto/go-crawler-project/internal/crawler/crawler.go:896.37,898.17 2 0
github.com/dujoseaugusto/go-crawler-project/internal/crawler/crawler.go:898.17,900.4 1 0
github.com/dujoseaugusto/go-crawler-project/internal/crawler/crawler.go:902.2,902.11 1 0
github.com/dujoseaugusto/go-crawler-project/internal/crawler/crawler.go:905.58,908.16 3 0
github.com/dujoseaugusto/go-crawler-project/internal/crawler/crawler.go:908.16,910.3 1 0
github.com/dujoseaugusto/go-crawler-project/internal/crawler/crawler.go:912.2,912.52 1 0
github.com/dujoseaugusto/go-crawler-project/internal/crawler/crawler.go:912.52,914.3 1 0
github.com/dujoseaugusto/go-crawler-project/internal/crawler/crawler.go:916.2,916.18 1 0
github.com/dujoseaugusto/go-crawler-project/internal/crawler/engine.go:49.103,70.2 2 1
github.com/dujoseaugusto/go-crawler-project/internal/crawler/engine.go:73.74,86.27 4 1
github.com/dujoseaugusto/go-crawler-project/internal/crawler/engine.go:86.27,87.39 1 0
github.com/dujoseaugusto/go-crawler-project/internal/crawler/engine.go:87.39,88.12 1 0
github.com/dujoseaugusto/go-crawler-project/internal/crawler/engine.go:91.3,92.46 2 0
github.com/dujoseaugusto/go-crawler-project/internal/crawler/engine.go:92.46,95.4 2 0
github.com/dujoseaugusto/go-crawler-project/internal/crawler/engine.go:99.2,102.25 2 1
github.com/dujoseaugusto/go-crawler-project/internal/crawler/engine.go:102.25,103.54 1 1
github.com/dujoseaugusto/go-crawler-project/internal/crawler/engine.go:103.54,105.4 1 0
github.com/dujoseaugusto/go-crawler-project/internal/crawler/engine.go:109.2,111.12 2 1
github.com/dujoseaugusto/go-crawler-project/internal/crawler/engine.go:115.60,136.2 6 1
github.com/dujoseaugusto/go-crawler-project/internal/crawler/engine.go:139.81,141.49 1 1
github.com/dujoseaugusto/go-crawler-project/internal/crawler/engine.go:141.49,143.3 1 0
github.com/dujoseaugusto/go-crawler-project/internal/crawler/engine.go:146.2,146.46 1 1
github.com/dujoseaugusto/go-crawler-project/internal/crawler/engine.go:146.46,148.3 1 0
github.com/dujoseaugusto/go-crawler-project/internal/crawler/engine.go:151.2,151.37 1 1
github.com/dujoseaugusto/go-crawler-project/internal/crawler/engine.go:151.37,154.3 2 0
github.com/dujoseaugusto/go-crawler-project/internal/crawler/engine.go:157.2,157.47 1 1
github.com/dujoseaugusto/go-crawler-project/internal/crawler/engine.go:157.47,163.3 2 0
github.com/dujoseaugusto/go-crawler-project/internal/crawler/engine.go:167.88,172.88 3 0
github.com/dujoseaugusto/go-crawler-project/internal/crawler/engine.go:172.88,174.3 1 0
github.com/dujoseaugusto/go-crawler-project/internal/crawler/engine.go:177.2,177.73 1 0
github.com/dujoseaugusto/go-crawler-project/internal/crawler/engine.go:177.73,181.58 2 0
github.com/dujoseaugusto/go-crawler-project/internal/crawler/engine.go:181.58,183.4 1 0
github.com/dujoseaugusto/go-crawler-project/internal/crawler/engine.go:185.3,185.24 1 0
github.com/dujoseaugusto/go-crawler-project/internal/crawler/engine.go:190.88,194.36 2 0
github.com/dujoseaugusto/go-crawler-project/internal/crawler/engine.go:194.36,197.3 2 0
github.com/dujoseaugusto/go-crawler-project/internal/crawler/engine.go:200.2,205.25 4 0
github.com/dujoseaugusto/go-crawler-project/internal/crawler/engine.go:205.25,211.3 2 0
github.com/dujoseaugusto/go-crawler-project/internal/crawler/engine.go:214.2,217.47 2 0
[...]
github.com/dujoseaugusto/go-crawler-project/internal/crawler/site_discovery_engine.go:394.16,396.3 1 0
github.com/dujoseaugusto/go-crawler-project/internal/crawler/site_discovery_engine.go:398.2,399.24 2 0
github.com/dujoseaugusto/go-crawler-project/internal/crawler/site_discovery_engine.go:403.77,405.2 1 0
github.com/dujoseaugusto/go-crawler-project/internal/crawler/site_discovery_engine.go:408.74,410.2 1 0
github.com/dujoseaugusto/go-crawler-project/internal/crawler/site_discovery_engine.go:415.68,419.2 3 0
github.com/dujoseaugusto/go-crawler-project/internal/crawler/site_discovery_engine.go:422.77,426.2 3 0
github.com/dujoseaugusto/go-crawler-project/internal/crawler/site_discovery_engine.go:429.69,432.42 3 0
github.com/dujoseaugusto/go-crawler-project/internal/crawler/site_discovery_engine.go:432.42,434.3 1 0
github.com/dujoseaugusto/go-crawler-project/internal/crawler/site_discovery_engine.go:438.74,443.29 4 0
github.com/dujoseaugusto/go-crawler-project/internal/crawler/site_discovery_engine.go:443.29,444.56 1 0
github.com/dujoseaugusto/go-crawler-project/internal/crawler/site_discovery_engine.go:444.56,446.4 1 0
github.com/dujoseaugusto/go-crawler-project/internal/crawler/site_discovery_engine.go:448.2,448.19 1 0
github.com/dujoseaugusto/go-crawler-project/internal/crawler/site_discovery_engine.go:452.68,457.33 4 0
github.com/dujoseaugusto/go-crawler-project/internal/crawler/site_discovery_engine.go:457.33,458.63 1 0
github.com/dujoseaugusto/go-crawler-project/internal/crawler/site_discovery_engine.go:458.63,460.4 1 0
github.com/dujoseaugusto/go-crawler-project/internal/crawler/site_discovery_engine.go:467.49,469.16 2 0
github.com/dujoseaugusto/go-crawler-project/internal/crawler/site_discovery_engine.go:469.16,471.3 1 0
github.com/dujoseaugusto/go-crawler-project/internal/crawler/site_discovery_engine.go:472.2,472.15 1 0
github.com/dujoseaugusto/go-crawler-project/internal/crawler/site_discovery_engine.go:476.47,477.18 1 0
github.com/dujoseaugusto/go-crawler-project/internal/crawler/site_discovery_engine.go:477.18,479.3 1 0
github.com/dujoseaugusto/go-crawler-project/internal/crawler/site_discovery_engine.go:482.2,483.32 2 0
github.com/dujoseaugusto/go-crawler-project/internal/crawler/site_discovery_engine.go:483.32,485.3 1 0
github.com/dujoseaugusto/go-crawler-project/internal/crawler/site_discovery_engine.go:488.2,494.35 3 0
github.com/dujoseaugusto/go-crawler-project/internal/crawler/site_discovery_engine.go:494.35,495.42 1 0
github.com/dujoseaugusto/go-crawler-project/internal/crawler/site_discovery_engine.go:495.42,497.4 1 0
github.com/dujoseaugusto/go-crawler-project/internal/crawler/site_discovery_engine.go:500.2,500.14 1 0
github.com/dujoseaugusto/go-crawler-project/internal/crawler/site_discovery_engine.go:504.41,506.16 2 0
github.com/dujoseaugusto/go-crawler-project/internal/crawler/site_discovery_engine.go:506.16,508.3 1 0
github.com/dujoseaugusto/go-crawler-project/internal/crawler/site_discovery_engine.go:511.2,519.25 5 0
github.com/dujoseaugusto/go-crawler-project/internal/crawler/site_discovery_engine.go:519.25,522.53 1 0
github.com/dujoseaugusto/go-crawler-project/internal/crawler/site_discovery_engine.go:522.53,524.4 1 0
github.com/dujoseaugusto/go-crawler-project/internal/crawler/site_discovery_engine.go:526.2,528.19 2 0
github.com/dujoseaugusto/go-crawler-project/internal/crawler/url_manager.go:20.34,25.2 1 1
github.com/dujoseaugusto/go-crawler-project/internal/crawler/url_manager.go:28.50,32.2 3 0
github.com/dujoseaugusto/go-crawler-project/internal/crawler/url_manager.go:35.47,39.2 3 0
github.com/dujoseaugusto/go-crawler-project/internal/crawler/url_manager.go:42.45,46.2 3 0
github.com/dujoseaugusto/go-crawler-project/internal/crawler/url_manager.go:49.75,53.58 3 0
github.com/dujoseaugusto/go-crawler-project/internal/crawler/url_manager.go:53.58,58.58 3 0
github.com/dujoseaugusto/go-crawler-project/internal/crawler/url_manager.go:58.58,60.4 1 0
github.com/dujoseaugusto/go-crawler-project/internal/crawler/url_manager.go:63.3,63.34 1 0
github.com/dujoseaugusto/go-crawler-project/internal/crawler/url_manager.go:63.34,65.4 1 0
github.com/dujoseaugusto/go-crawler-project/internal/crawler/url_manager.go:68.2,74.14 2 0
github.com/dujoseaugusto/go-crawler-project/internal/crawler/url_manager.go:78.67,80.16 1 0
github.com/dujoseaugusto/go-crawler-project/internal/crawler/url_manager.go:80.16,82.3 1 0
github.com/dujoseaugusto/go-crawler-project/internal/crawler/url_manager.go:85.2,85.35 1 0
github.com/dujoseaugusto/go-crawler-project/internal/crawler/url_manager.go:85.35,87.3 1 0
github.com/dujoseaugusto/go-crawler-project/internal/crawler/url_manager.go:90.2,95.41 3 0
github.com/dujoseaugusto/go-crawler-project/internal/crawler/url_manager.go:95.41,96.43 1 0
github.com/dujoseaugusto/go-crawler-project/internal/crawler/url_manager.go:96.43,98.4 1 0
github.com/dujoseaugusto/go-crawler-project/internal/crawler/url_manager.go:102.2,107.43 2 0
github.com/dujoseaugusto/go-crawler-project/internal/crawler/url_manager.go:107.43,108.38 1 0
github.com/dujoseaugusto/go-crawler-project/internal/crawler/url_manager.go:108.38,110.4 1 0
github.com/dujoseaugusto/go-crawler-project/internal/crawler/url_manager.go:114.2,115.38 2 0
github.com/dujoseaugusto/go-crawler-project/internal/crawler/url_manager.go:115.38,117.3 1 0
github.com/dujoseaugusto/go-crawler-project/internal/crawler/url_manager.go:119.2,119.14 1 0
github.com/dujoseaugusto/go-crawler-project/internal/crawler/url_manager.go:123.64,134.46 5 0
github.com/dujoseaugusto/go-crawler-project/internal/crawler/url_manager.go:134.46,135.39 1 0
github.com/dujoseaugusto/go-crawler-project/internal/crawler/url_manager.go:135.39,137.4 1 0
github.com/dujoseaugusto/go-crawler-project/internal/crawler/url_manager.go:141.2,147.15 4 0
github.com/dujoseaugusto/go-crawler-project/internal/crawler/url_manager.go:147.15,154.3 1 0
github.com/dujoseaugusto/go-crawler-project/internal/crawler/url_manager.go:156.2,156.18 1 0
github.com/dujoseaugusto/go-crawler-project/internal/crawler/url_manager.go:160.54,169.39 3 0
github.com/dujoseaugusto/go-crawler-project/internal/crawler/url_manager.go:169.39,170.42 1 0
github.com/dujoseaugusto/go-crawler-project/internal/crawler/url_manager.go:170.42,172.4 1 0
github.com/dujoseaugusto/go-crawler-project/internal/crawler/url_manager.go:175.2,175.14 1 0
github.com/dujoseaugusto/go-crawler-project/internal/crawler/url_manager.go:179.51,183.36 3 0
github.com/dujoseaugusto/go-crawler-project/internal/crawler/url_manager.go:183.36,185.3 1 0
github.com/dujoseaugusto/go-crawler-project/internal/crawler/url_manager.go:188.2,191.34 3 0
github.com/dujoseaugusto/go-crawler-project/internal/crawler/url_manager.go:191.34,192.24 1 0
github.com/dujoseaugusto/go-crawler-project/internal/crawler/url_manager.go:192.24,193.9 1 0
github.com/dujoseaugusto/go-crawler-project/internal/crawler/url_manager.go:195.3,196.10 2 0
github.com/dujoseaugusto/go-crawler-project/internal/crawler/url_manager.go:199.2,202.43 1 0
github.com/dujoseaugusto/go-crawler-project/internal/crawler/validator.go:16.48,20.2 1 1
github.com/dujoseaugusto/go-crawler-project/internal/crawler/validator.go:30.95,38.54 2 1
github.com/dujoseaugusto/go-crawler-project/internal/crawler/validator.go:38.54,41.3 2 1
github.com/dujoseaugusto/go-crawler-project/internal/crawler/validator.go:44.2,44.65 1 1
github.com/dujoseaugusto/go-crawler-project/internal/crawler/validator.go:44.65,46.3 1 1
github.com/dujoseaugusto/go-crawler-project/internal/crawler/validator.go:49.2,49.76 1 1
github.com/dujoseaugusto/go-crawler-project/internal/crawler/validator.go:49.76,52.3 2 0
github.com/dujoseaugusto/go-crawler-project/internal/crawler/validator.go:55.2,64.15 2 1
github.com/dujoseaugusto/go-crawler-project/internal/crawler/validator.go:68.87,72.24 2 1
github.com/dujoseaugusto/go-crawler-project/internal/crawler/validator.go:72.24,74.3 1 1
github.com/dujoseaugusto/go-crawler-project/internal/crawler/validator.go:77.2,77.52 1 1
github.com/dujoseaugusto/go-crawler-project/internal/crawler/validator.go:77.52,79.3 1 1
github.com/dujoseaugusto/go-crawler-project/internal/crawler/validator.go:82.2,82.49 1 1
github.com/dujoseaugusto/go-crawler-project/internal/crawler/validator.go:82.49,84.3 1 0
github.com/dujoseaugusto/go-crawler-project/internal/crawler/validator.go:86.2,86.32 1 1
github.com/dujoseaugusto/go-crawler-project/internal/crawler/validator.go:86.32,88.3 1 0
github.com/dujoseaugusto/go-crawler-project/internal/crawler/validator.go:90.2,90.15 1 1
github.com/dujoseaugusto/go-crawler-project/internal/crawler/validator.go:94.86,98.65 2 1
github.com/dujoseaugusto/go-crawler-project/internal/crawler/validator.go:98.65,100.3 1 1
github.com/dujoseaugusto/go-crawler-project/internal/crawler/validator.go:103.2,103.60 1 1
github.com/dujoseaugusto/go-crawler-project/internal/crawler/validator.go:103.60,105.3 1 0
github.com/dujoseaugusto/go-crawler-project/internal/crawler/validator.go:108.2,108.63 1 1
github.com/dujoseaugusto/go-crawler-project/internal/crawler/validator.go:108.63,110.3 1 1
github.com/dujoseaugusto/go-crawler-project/internal/crawler/validator.go:112.2,112.29 1 1
github.com/dujoseaugusto/go-crawler-project/internal/crawler/validator.go:112.29,114.3 1 1
github.com/dujoseaugusto/go-crawler-project/internal/crawler/validator.go:116.2,116.27 1 1
github.com/dujoseaugusto/go-crawler-project/internal/crawler/validator.go:116.27,118.3 1 1
github.com/dujoseaugusto/go-crawler-project/internal/crawler/validator.go:120.2,120.17 1 1
github.com/dujoseaugusto/go-crawler-project/internal/crawler/validator.go:124.93,128.47 2 1
github.com/dujoseaugusto/go-crawler-project/internal/crawler/validator.go:128.47,130.3 1 0
github.com/dujoseaugusto/go-crawler-project/internal/crawler/validator.go:133.2,133.50 1 1
github.com/dujoseaugusto/go-crawler-project/internal/crawler/validator.go:133.50,135.3 1 0
github.com/dujoseaugusto/go-crawler-project/internal/crawler/validator.go:138.2,147.43 3 1
github.com/dujoseaugusto/go-crawler-project/internal/crawler/validator.go:147.43,148.42 1 1
github.com/dujoseaugusto/go-crawler-project/internal/crawler/validator.go:148.42,150.9 2 0
github.com/dujoseaugusto/go-crawler-project/internal/crawler/validator.go:155.2,155.27 1 1
github.com/dujoseaugusto/go-crawler-project/internal/crawler/validator.go:155.27,157.3 1 0
github.com/dujoseaugusto/go-crawler-project/internal/crawler/validator.go:159.2,159.29 1 1
github.com/dujoseaugusto/go-crawler-project/internal/crawler/validator.go:159.29,161.3 1 0
github.com/dujoseaugusto/go-crawler-project/internal/crawler/validator.go:163.2,163.91 1 1
github.com/dujoseaugusto/go-crawler-project/internal/crawler/validator.go:163.91,165.3 1 0
github.com/dujoseaugusto/go-crawler-project/internal/crawler/validator.go:167.2,167.15 1 1
github.com/dujoseaugusto/go-crawler-project/internal/crawler/validator.go:171.83,180.2 3 0
github.com/dujoseaugusto/go-crawler-project/internal/crawler/validator.go:183.98,187.65 2 1
github.com/dujoseaugusto/go-crawler-project/internal/crawler/validator.go:187.65,189.3 1 0
github.com/dujoseaugusto/go-crawler-project/internal/crawler/validator.go:192.2,192.27 1 1
github.com/dujoseaugusto/go-crawler-project/internal/crawler/validator.go:192.27,194.3 1 0
github.com/dujoseaugusto/go-crawler-project/internal/crawler/validator.go:197.2,202.18 5 1
github.com/dujoseaugusto/go-crawler-project/internal/crawler/validator.go:206.68,209.87 2 0
github.com/dujoseaugusto/go-crawler-project/internal/crawler/validator.go:209.87,211.3 1 0
github.com/dujoseaugusto/go-crawler-project/internal/crawler/validator.go:212.2,212.87 1 0
github.com/dujoseaugusto/go-crawler-project/internal/crawler/validator.go:212.87,214.3 1 0
github.com/dujoseaugusto/go-crawler-project/internal/crawler/validator.go:215.2,215.83 1 0
github.com/dujoseaugusto/go-crawler-project/internal/crawler/validator.go:215.83,217.3 1 0
github.com/dujoseaugusto/go-crawler-project/internal/crawler/validator.go:218.2,218.85 1 0
github.com/dujoseaugusto/go-crawler-project/internal/crawler/validator.go:218.85,220.3 1 0
github.com/dujoseaugusto/go-crawler-project/internal/crawler/validator.go:222.2,222.16 1 0
github.com/dujoseaugusto/go-crawler-project/internal/crawler/validator.go:226.63,233.30 3 0
github.com/dujoseaugusto/go-crawler-project/internal/crawler/validator.go:233.30,234.60 1 0
github.com/dujoseaugusto/go-crawler-project/internal/crawler/validator.go:234.60,236.4 1 0
github.com/dujoseaugusto/go-crawler-project/internal/crawler/validator.go:239.2,239.11 1 0
github.com/dujoseaugusto/go-crawler-project/internal/crawler/validator.go:243.60,244.16 1 1
github.com/dujoseaugusto/go-crawler-project/internal/crawler/validator.go:244.16,246.3 1 0
github.com/dujoseaugusto/go-crawler-project/internal/crawler/validator.go:249.2,256.32 5 1
github.com/dujoseaugusto/go-crawler-project/internal/crawler/web_search_strategy.go:23.74,28.2 1 0
github.com/dujoseaugusto/go-crawler-project/internal/crawler/web_search_strategy.go:30.43,32.2 1 0
github.com/dujoseaugusto/go-crawler-project/internal/crawler/web_search_strategy.go:34.48,36.2 1 0
github.com/dujoseaugusto/go-crawler-project/internal/crawler/web_search_strategy.go:38.47,40.2 1 0
github.com/dujoseaugusto/go-crawler-project/internal/crawler/web_search_strategy.go:42.123,60.32 5 0
github.com/dujoseaugusto/go-crawler-project/internal/crawler/web_search_strategy.go:60.32,62.17 2 0
github.com/dujoseaugusto/go-crawler-project/internal/crawler/web_search_strategy.go:62.17,67.12 2 0
github.com/dujoseaugusto/go-crawler-project/internal/crawler/web_search_strategy.go:71.3,71.30 1 0
github.com/dujoseaugusto/go-crawler-project/internal/crawler/web_search_strategy.go:71.30,72.33 1 0
github.com/dujoseaugusto/go-crawler-project/internal/crawler/web_search_strategy.go:72.33,77.50 3 0
github.com/dujoseaugusto/go-crawler-project/internal/crawler/web_search_strategy.go:77.50,78.11 1 0
github.com/dujoseaugusto/go-crawler-project/internal/crawler/web_search_strategy.go:83.3,83.48 1 0
github.com/dujoseaugusto/go-crawler-project/internal/crawler/web_search_strategy.go:83.48,84.9 1 0
github.com/dujoseaugusto/go-crawler-project/internal/crawler/web_search_strategy.go:88.3,88.30 1 0
github.com/dujoseaugusto/go-crawler-project/internal/crawler/web_search_strategy.go:91.2,97.22 2 0
github.com/dujoseaugusto/go-crawler-project/internal/crawler/web_search_strategy.go:101.125,119.49 6 0
github.com/dujoseaugusto/go-crawler-project/internal/crawler/web_search_strategy.go:119.49,124.59 3 0
github.com/dujoseaugusto/go-crawler-project/internal/crawler/web_search_strategy.go:124.59,127.58 2 0
github.com/dujoseaugusto/go-crawler-project/internal/crawler/web_search_strategy.go:127.58,142.5 3 0
github.com/dujoseaugusto/go-crawler-project/internal/crawler/web_search_strategy.go:146.2,146.47 1 0
github.com/dujoseaugusto/go-crawler-project/internal/crawler/web_search_strategy.go:146.47,152.3 1 0
github.com/dujoseaugusto/go-crawler-project/internal/crawler/web_search_strategy.go:155.2,162.43 3 0
github.com/dujoseaugusto/go-crawler-project/internal/crawler/web_search_strategy.go:162.43,164.3 1 0
github.com/dujoseaugusto/go-crawler-project/internal/crawler/web_search_strategy.go:165.2,167.19 2 0
github.com/dujoseaugusto/go-crawler-project/internal/crawler/web_search_strategy.go:171.92,172.31 1 0
github.com/dujoseaugusto/go-crawler-project/internal/crawler/web_search_strategy.go:172.31,174.3 1 0
github.com/dujoseaugusto/go-crawler-project/internal/crawler/web_search_strategy.go:177.2,177.46 1 0
github.com/dujoseaugusto/go-crawler-project/internal/crawler/web_search_strategy.go:177.46,179.3 1 0
github.com/dujoseaugusto/go-crawler-project/internal/crawler/web_search_strategy.go:182.2,186.43 2 0
github.com/dujoseaugusto/go-crawler-project/internal/crawler/web_search_strategy.go:186.43,187.37 1 0
github.com/dujoseaugusto/go-crawler-project/internal/crawler/web_search_strategy.go:187.37,189.4 1 0
github.com/dujoseaugusto/go-crawler-project/internal/crawler/web_search_strategy.go:193.2,200.35 3 0
github.com/dujoseaugusto/go-crawler-project/internal/crawler/web_search_strategy.go:200.35,201.44 1 0
github.com/dujoseaugusto/go-crawler-project/internal/crawler/web_search_strategy.go:201.44,203.4 1 0
github.com/dujoseaugusto/go-crawler-project/internal/crawler/web_search_strategy.go:206.2,206.14 1 0
github.com/dujoseaugusto/go-crawler-project/internal/crawler/web_search_strategy.go:210.66,212.39 1 0
github.com/dujoseaugusto/go-crawler-project/internal/crawler/web_search_strategy.go:212.39,214.17 2 0
github.com/dujoseaugusto/go-crawler-project/internal/crawler/web_search_strategy.go:214.17,216.4 1 0
github.com/dujoseaugusto/go-crawler-project/internal/crawler/web_search_strategy.go:218.3,220.20 3 0
github.com/dujoseaugusto/go-crawler-project/internal/crawler/web_search_strategy.go:222.2,222.11 1 0
github.com/dujoseaugusto/go-crawler-project/internal/crawler/web_search_strategy.go:226.70,228.16 2 0
github.com/dujoseaugusto/go-crawler-project/internal/crawler/web_search_strategy.go:228.16,230.3 1 0
github.com/dujoseaugusto/go-crawler-project/internal/crawler/web_search_strategy.go:233.2,233.47 1 0
github.com/dujoseaugusto/go-crawler-project/internal/crawler/web_search_strategy.go:233.47,235.3 1 0
github.com/dujoseaugusto/go-crawler-project/internal/crawler/web_search_strategy.go:238.2,238.18 1 0
github.com/dujoseaugusto/go-crawler-project/internal/crawler/web_search_strategy.go:238.18,240.3 1 0
github.com/dujoseaugusto/go-crawler-project/internal/crawler/web_search_strategy.go:243.2,243.42 1 0
github.com/dujoseaugusto/go-crawler-project/internal/crawler/web_search_strategy.go:243.42,245.3 1 0
github.com/dujoseaugusto/go-crawler-project/internal/crawler/web_search_strategy.go:248.2,252.35 3 0
github.com/dujoseaugusto/go-crawler-project/internal/crawler/web_search_strategy.go:252.35,253.43 1 0
github.com/dujoseaugusto/go-crawler-project/internal/crawler/web_search_strategy.go:253.43,255.4 1 0
github.com/dujoseaugusto/go-crawler-project/internal/crawler/web_search_strategy.go:258.2,258.14 1 0
github.com/dujoseaugusto/go-crawler-project/internal/crawler/web_search_strategy.go:262.72,263.17 1 0
github.com/dujoseaugusto/go-crawler-project/internal/crawler/web_search_strategy.go:263.17,265.3 1 0
github.com/dujoseaugusto/go-crawler-project/internal/crawler/web_search_strategy.go:268.2,268.22 1 0
github.com/dujoseaugusto/go-crawler-project/internal/crawler/web_search_strategy.go:268.22,270.3 1 0
github.com/dujoseaugusto/go-crawler-project/internal/crawler/web_search_strategy.go:272.2,272.14 1 0
github.com/dujoseaugusto/go-crawler-project/internal/crawler/web_search_strategy.go:276.101,285.46 5 0
github.com/dujoseaugusto/go-crawler-project/internal/crawler/web_search_strategy.go:285.46,295.40 4 0
github.com/dujoseaugusto/go-crawler-project/internal/crawler/web_search_strategy.go:295.40,296.41 1 0
github.com/dujoseaugusto/go-crawler-project/internal/crawler/web_search_strategy.go:296.41,298.5 1 0
github.com/dujoseaugusto/go-crawler-project/internal/crawler/web_search_strategy.go:301.3,301.26 1 0
github.com/dujoseaugusto/go-crawler-project/internal/crawler/web_search_strategy.go:301.26,303.4 1 0
github.com/dujoseaugusto/go-crawler-project/internal/crawler/web_search_strategy.go:306.3,306.94 1 0
github.com/dujoseaugusto/go-crawler-project/internal/crawler/web_search_strategy.go:306.94,308.77 2 0
github.com/dujoseaugusto/go-crawler-project/internal/crawler/web_search_strategy.go:308.77,310.5 1 0
github.com/dujoseaugusto/go-crawler-project/internal/crawler/web_search_strategy.go:314.2,314.47 1 0
github.com/dujoseaugusto/go-crawler-project/internal/crawler/web_search_strategy.go:314.47,319.3 1 0
github.com/dujoseaugusto/go-crawler-project/internal/crawler/web_search_strategy.go:321.2,321.41 1 0
github.com/dujoseaugusto/go-crawler-project/internal/crawler/web_search_strategy.go:321.41,323.3 1 0
github.com/dujoseaugusto/go-crawler-project/internal/crawler/web_search_strategy.go:324.2,326.69 2 0
